[2020-01-03 00:23:34] local.ERROR: syntax error, unexpected '$user' (T_VARIABLE) {"exception":"[object] (Symfony\\Component\\Debug\\Exception\\FatalThrowableError(code: 0): syntax error, unexpected '$user' (T_VARIABLE) at /home/ubuntu/F-DASHBOARD/app/Http/Controllers/dashboard/UserController.php:124)
[stacktrace]
#0 /home/ubuntu/F-DASHBOARD/vendor/composer/ClassLoader.php(322): Composer\\Autoload\\includeFile('/home/ubuntu/F-...')
#1 [internal function]: Composer\\Autoload\\ClassLoader->loadClass('App\\\\Http\\\\Contro...')
#2 [internal function]: spl_autoload_call('App\\\\Http\\\\Contro...')
#3 /home/ubuntu/F-DASHBOARD/vendor/laravel/framework/src/Illuminate/Container/Container.php(803): ReflectionClass->__construct('App\\\\Http\\\\Contro...')
#4 /home/ubuntu/F-DASHBOARD/vendor/laravel/framework/src/Illuminate/Container/Container.php(681): Illuminate\\Container\\Container->build('App\\\\Http\\\\Contro...')
#5 /home/ubuntu/F-DASHBOARD/vendor/laravel/framework/src/Illuminate/Container/Container.php(629): Illuminate\\Container\\Container->resolve('App\\\\Http\\\\Contro...', Array)
#6 /home/ubuntu/F-DASHBOARD/vendor/laravel/framework/src/Illuminate/Foundation/Application.php(768): Illuminate\\Container\\Container->make('App\\\\Http\\\\Contro...', Array)
#7 /home/ubuntu/F-DASHBOARD/vendor/laravel/framework/src/Illuminate/Routing/Route.php(233): Illuminate\\Foundation\\Application->make('App\\\\Http\\\\Contro...')
#8 /home/ubuntu/F-DASHBOARD/vendor/laravel/framework/src/Illuminate/Routing/Route.php(833): Illuminate\\Routing\\Route->getController()
#9 /home/ubuntu/F-DASHBOARD/vendor/laravel/framework/src/Illuminate/Routing/Route.php(794): Illuminate\\Routing\\Route->controllerMiddleware()
#10 /home/ubuntu/F-DASHBOARD/vendor/laravel/framework/src/Illuminate/Routing/Router.php(705): Illuminate\\Routing\\Route->gatherMiddleware()
#11 /home/ubuntu/F-DASHBOARD/vendor/laravel/framework/src/Illuminate/Routing/Router.php(685): Illuminate\\Routing\\Router->gatherRouteMiddleware(Object(Illuminate\\Routing\\Route))
#12 /home/ubuntu/F-DASHBOARD/vendor/laravel/framework/src/Illuminate/Routing/Router.php(669): Illuminate\\Routing\\Router->runRouteWithinStack(Object(Illuminate\\Routing\\Route), Object(Illuminate\\Http\\Request))
#13 /home/ubuntu/F-DASHBOARD/vendor/laravel/framework/src/Illuminate/Routing/Router.php(635): Illuminate\\Routing\\Router->runRoute(Object(Illuminate\\Http\\Request), Object(Illuminate\\Routing\\Route))
#14 /home/ubuntu/F-DASHBOARD/vendor/laravel/framework/src/Illuminate/Routing/Router.php(624): Illuminate\\Routing\\Router->dispatchToRoute(Object(Illuminate\\Http\\Request))
#15 /home/ubuntu/F-DASHBOARD/vendor/laravel/framework/src/Illuminate/Foundation/Http/Kernel.php(176): Illuminate\\Routing\\Router->dispatch(Object(Illuminate\\Http\\Request))
#16 /home/ubuntu/F-DASHBOARD/vendor/laravel/framework/src/Illuminate/Pipeline/Pipeline.php(130): Illuminate\\Foundation\\Http\\Kernel->Illuminate\\Foundation\\Http\\{closure}(Object(Illuminate\\Http\\Request))
#17 /home/ubuntu/F-DASHBOARD/vendor/laravel/framework/src/Illuminate/Foundation/Http/Middleware/TransformsRequest.php(21): Illuminate\\Pipeline\\Pipeline->Illuminate\\Pipeline\\{closure}(Object(Illuminate\\Http\\Request))
#18 /home/ubuntu/F-DASHBOARD/vendor/laravel/framework/src/Illuminate/Pipeline/Pipeline.php(171): Illuminate\\Foundation\\Http\\Middleware\\TransformsRequest->handle(Object(Illuminate\\Http\\Request), Object(Closure))
#19 /home/ubuntu/F-DASHBOARD/vendor/laravel/framework/src/Illuminate/Foundation/Http/Middleware/TransformsRequest.php(21): Illuminate\\Pipeline\\Pipeline->Illuminate\\Pipeline\\{closure}(Object(Illuminate\\Http\\Request))
#20 /home/ubuntu/F-DASHBOARD/vendor/laravel/framework/src/Illuminate/Pipeline/Pipeline.php(171): Illuminate\\Foundation\\Http\\Middleware\\TransformsRequest->handle(Object(Illuminate\\Http\\Request), Object(Closure))
#21 /home/ubuntu/F-DASHBOARD/vendor/laravel/framework/src/Illuminate/Foundation/Http/Middleware/ValidatePostSize.php(27): Illuminate\\Pipeline\\Pipeline->Illuminate\\Pipeline\\{closure}(Object(Illuminate\\Http\\Request))
#22 /home/ubuntu/F-DASHBOARD/vendor/laravel/framework/src/Illuminate/Pipeline/Pipeline.php(171): Illuminate\\Foundation\\Http\\Middleware\\ValidatePostSize->handle(Object(Illuminate\\Http\\Request), Object(Closure))
#23 /home/ubuntu/F-DASHBOARD/vendor/laravel/framework/src/Illuminate/Foundation/Http/Middleware/CheckForMaintenanceMode.php(62): Illuminate\\Pipeline\\Pipeline->Illuminate\\Pipeline\\{closure}(Object(Illuminate\\Http\\Request))
#24 /home/ubuntu/F-DASHBOARD/vendor/laravel/framework/src/Illuminate/Pipeline/Pipeline.php(171): Illuminate\\Foundation\\Http\\Middleware\\CheckForMaintenanceMode->handle(Object(Illuminate\\Http\\Request), Object(Closure))
#25 /home/ubuntu/F-DASHBOARD/vendor/fideloper/proxy/src/TrustProxies.php(57): Illuminate\\Pipeline\\Pipeline->Illuminate\\Pipeline\\{closure}(Object(Illuminate\\Http\\Request))
#26 /home/ubuntu/F-DASHBOARD/vendor/laravel/framework/src/Illuminate/Pipeline/Pipeline.php(171): Fideloper\\Proxy\\TrustProxies->handle(Object(Illuminate\\Http\\Request), Object(Closure))
#27 /home/ubuntu/F-DASHBOARD/vendor/laravel/framework/src/Illuminate/Pipeline/Pipeline.php(105): Illuminate\\Pipeline\\Pipeline->Illuminate\\Pipeline\\{closure}(Object(Illuminate\\Http\\Request))
#28 /home/ubuntu/F-DASHBOARD/vendor/laravel/framework/src/Illuminate/Foundation/Http/Kernel.php(151): Illuminate\\Pipeline\\Pipeline->then(Object(Closure))
#29 /home/ubuntu/F-DASHBOARD/vendor/laravel/framework/src/Illuminate/Foundation/Http/Kernel.php(116): Illuminate\\Foundation\\Http\\Kernel->sendRequestThroughRouter(Object(Illuminate\\Http\\Request))
#30 /home/ubuntu/F-DASHBOARD/public/index.php(55): Illuminate\\Foundation\\Http\\Kernel->handle(Object(Illuminate\\Http\\Request))
#31 /home/ubuntu/F-DASHBOARD/server.php(21): require_once('/home/ubuntu/F-...')
#32 {main}
"} 
[2020-01-03 00:38:49] local.ERROR: Route [users] not defined. (View: /home/ubuntu/F-DASHBOARD/resources/views/dashboard/users/index.blade.php) {"userId":1,"exception":"[object] (Facade\\Ignition\\Exceptions\\ViewException(code: 0): Route [users] not defined. (View: /home/ubuntu/F-DASHBOARD/resources/views/dashboard/users/index.blade.php) at /home/ubuntu/F-DASHBOARD/vendor/laravel/framework/src/Illuminate/Routing/UrlGenerator.php:420)
[stacktrace]
#0 /home/ubuntu/F-DASHBOARD/vendor/laravel/framework/src/Illuminate/Foundation/helpers.php(782): Illuminate\\Routing\\UrlGenerator->route('users', Array, true)
#1 /home/ubuntu/F-DASHBOARD/resources/views/dashboard/users/index.blade.php(6): route('users')
#2 /home/ubuntu/F-DASHBOARD/vendor/laravel/framework/src/Illuminate/View/Engines/PhpEngine.php(43): include('/home/ubuntu/F-...')
#3 /home/ubuntu/F-DASHBOARD/vendor/laravel/framework/src/Illuminate/View/Engines/CompilerEngine.php(59): Illuminate\\View\\Engines\\PhpEngine->evaluatePath('/home/ubuntu/F-...', Array)
#4 /home/ubuntu/F-DASHBOARD/vendor/facade/ignition/src/Views/Engines/CompilerEngine.php(36): Illuminate\\View\\Engines\\CompilerEngine->get('/home/ubuntu/F-...', Array)
#5 /home/ubuntu/F-DASHBOARD/vendor/laravel/framework/src/Illuminate/View/View.php(143): Facade\\Ignition\\Views\\Engines\\CompilerEngine->get('/home/ubuntu/F-...', Array)
#6 /home/ubuntu/F-DASHBOARD/vendor/laravel/framework/src/Illuminate/View/View.php(126): Illuminate\\View\\View->getContents()
#7 /home/ubuntu/F-DASHBOARD/vendor/laravel/framework/src/Illuminate/View/View.php(91): Illuminate\\View\\View->renderContents()
#8 /home/ubuntu/F-DASHBOARD/vendor/laravel/framework/src/Illuminate/Http/Response.php(42): Illuminate\\View\\View->render()
#9 /home/ubuntu/F-DASHBOARD/vendor/symfony/http-foundation/Response.php(202): Illuminate\\Http\\Response->setContent(Object(Illuminate\\View\\View))
#10 /home/ubuntu/F-DASHBOARD/vendor/laravel/framework/src/Illuminate/Routing/Router.php(760): Symfony\\Component\\HttpFoundation\\Response->__construct(Object(Illuminate\\View\\View))
#11 /home/ubuntu/F-DASHBOARD/vendor/laravel/framework/src/Illuminate/Routing/Router.php(732): Illuminate\\Routing\\Router::toResponse(Object(Illuminate\\Http\\Request), Object(Illuminate\\View\\View))
#12 /home/ubuntu/F-DASHBOARD/vendor/laravel/framework/src/Illuminate/Routing/Router.php(692): Illuminate\\Routing\\Router->prepareResponse(Object(Illuminate\\Http\\Request), Object(Illuminate\\View\\View))
#13 /home/ubuntu/F-DASHBOARD/vendor/laravel/framework/src/Illuminate/Pipeline/Pipeline.php(130): Illuminate\\Routing\\Router->Illuminate\\Routing\\{closure}(Object(Illuminate\\Http\\Request))
#14 /home/ubuntu/F-DASHBOARD/vendor/spatie/laravel-permission/src/Middlewares/PermissionMiddleware.php(22): Illuminate\\Pipeline\\Pipeline->Illuminate\\Pipeline\\{closure}(Object(Illuminate\\Http\\Request))
#15 /home/ubuntu/F-DASHBOARD/vendor/laravel/framework/src/Illuminate/Pipeline/Pipeline.php(171): Spatie\\Permission\\Middlewares\\PermissionMiddleware->handle(Object(Illuminate\\Http\\Request), Object(Closure), 'read')
#16 /home/ubuntu/F-DASHBOARD/vendor/mcamara/laravel-localization/src/Mcamara/LaravelLocalization/Middleware/LaravelLocalizationViewPath.php(33): Illuminate\\Pipeline\\Pipeline->Illuminate\\Pipeline\\{closure}(Object(Illuminate\\Http\\Request))
#17 /home/ubuntu/F-DASHBOARD/vendor/laravel/framework/src/Illuminate/Pipeline/Pipeline.php(171): Mcamara\\LaravelLocalization\\Middleware\\LaravelLocalizationViewPath->handle(Object(Illuminate\\Http\\Request), Object(Closure))
#18 /home/ubuntu/F-DASHBOARD/vendor/mcamara/laravel-localization/src/Mcamara/LaravelLocalization/Middleware/LaravelLocalizationRedirectFilter.php(45): Illuminate\\Pipeline\\Pipeline->Illuminate\\Pipeline\\{closure}(Object(Illuminate\\Http\\Request))
#19 /home/ubuntu/F-DASHBOARD/vendor/laravel/framework/src/Illuminate/Pipeline/Pipeline.php(171): Mcamara\\LaravelLocalization\\Middleware\\LaravelLocalizationRedirectFilter->handle(Object(Illuminate\\Http\\Request), Object(Closure))
#20 /home/ubuntu/F-DASHBOARD/vendor/mcamara/laravel-localization/src/Mcamara/LaravelLocalization/Middleware/LocaleSessionRedirect.php(32): Illuminate\\Pipeline\\Pipeline->Illuminate\\Pipeline\\{closure}(Object(Illuminate\\Http\\Request))
#21 /home/ubuntu/F-DASHBOARD/vendor/laravel/framework/src/Illuminate/Pipeline/Pipeline.php(171): Mcamara\\LaravelLocalization\\Middleware\\LocaleSessionRedirect->handle(Object(Illuminate\\Http\\Request), Object(Closure))
#22 /home/ubuntu/F-DASHBOARD/vendor/laravel/framework/src/Illuminate/Routing/Middleware/SubstituteBindings.php(41): Illuminate\\Pipeline\\Pipeline->Illuminate\\Pipeline\\{closure}(Object(Illuminate\\Http\\Request))
#23 /home/ubuntu/F-DASHBOARD/vendor/laravel/framework/src/Illuminate/Pipeline/Pipeline.php(171): Illuminate\\Routing\\Middleware\\SubstituteBindings->handle(Object(Illuminate\\Http\\Request), Object(Closure))
#24 /home/ubuntu/F-DASHBOARD/vendor/laravel/framework/src/Illuminate/Auth/Middleware/Authenticate.php(43): Illuminate\\Pipeline\\Pipeline->Illuminate\\Pipeline\\{closure}(Object(Illuminate\\Http\\Request))
#25 /home/ubuntu/F-DASHBOARD/vendor/laravel/framework/src/Illuminate/Pipeline/Pipeline.php(171): Illuminate\\Auth\\Middleware\\Authenticate->handle(Object(Illuminate\\Http\\Request), Object(Closure))
#26 /home/ubuntu/F-DASHBOARD/vendor/laravel/framework/src/Illuminate/Foundation/Http/Middleware/VerifyCsrfToken.php(76): Illuminate\\Pipeline\\Pipeline->Illuminate\\Pipeline\\{closure}(Object(Illuminate\\Http\\Request))
#27 /home/ubuntu/F-DASHBOARD/vendor/laravel/framework/src/Illuminate/Pipeline/Pipeline.php(171): Illuminate\\Foundation\\Http\\Middleware\\VerifyCsrfToken->handle(Object(Illuminate\\Http\\Request), Object(Closure))
#28 /home/ubuntu/F-DASHBOARD/vendor/laravel/framework/src/Illuminate/View/Middleware/ShareErrorsFromSession.php(49): Illuminate\\Pipeline\\Pipeline->Illuminate\\Pipeline\\{closure}(Object(Illuminate\\Http\\Request))
#29 /home/ubuntu/F-DASHBOARD/vendor/laravel/framework/src/Illuminate/Pipeline/Pipeline.php(171): Illuminate\\View\\Middleware\\ShareErrorsFromSession->handle(Object(Illuminate\\Http\\Request), Object(Closure))
#30 /home/ubuntu/F-DASHBOARD/vendor/laravel/framework/src/Illuminate/Session/Middleware/StartSession.php(56): Illuminate\\Pipeline\\Pipeline->Illuminate\\Pipeline\\{closure}(Object(Illuminate\\Http\\Request))
#31 /home/ubuntu/F-DASHBOARD/vendor/laravel/framework/src/Illuminate/Pipeline/Pipeline.php(171): Illuminate\\Session\\Middleware\\StartSession->handle(Object(Illuminate\\Http\\Request), Object(Closure))
#32 /home/ubuntu/F-DASHBOARD/vendor/laravel/framework/src/Illuminate/Cookie/Middleware/AddQueuedCookiesToResponse.php(37): Illuminate\\Pipeline\\Pipeline->Illuminate\\Pipeline\\{closure}(Object(Illuminate\\Http\\Request))
#33 /home/ubuntu/F-DASHBOARD/vendor/laravel/framework/src/Illuminate/Pipeline/Pipeline.php(171): Illuminate\\Cookie\\Middleware\\AddQueuedCookiesToResponse->handle(Object(Illuminate\\Http\\Request), Object(Closure))
#34 /home/ubuntu/F-DASHBOARD/vendor/laravel/framework/src/Illuminate/Cookie/Middleware/EncryptCookies.php(66): Illuminate\\Pipeline\\Pipeline->Illuminate\\Pipeline\\{closure}(Object(Illuminate\\Http\\Request))
#35 /home/ubuntu/F-DASHBOARD/vendor/laravel/framework/src/Illuminate/Pipeline/Pipeline.php(171): Illuminate\\Cookie\\Middleware\\EncryptCookies->handle(Object(Illuminate\\Http\\Request), Object(Closure))
#36 /home/ubuntu/F-DASHBOARD/vendor/laravel/framework/src/Illuminate/Pipeline/Pipeline.php(105): Illuminate\\Pipeline\\Pipeline->Illuminate\\Pipeline\\{closure}(Object(Illuminate\\Http\\Request))
#37 /home/ubuntu/F-DASHBOARD/vendor/laravel/framework/src/Illuminate/Routing/Router.php(694): Illuminate\\Pipeline\\Pipeline->then(Object(Closure))
#38 /home/ubuntu/F-DASHBOARD/vendor/laravel/framework/src/Illuminate/Routing/Router.php(669): Illuminate\\Routing\\Router->runRouteWithinStack(Object(Illuminate\\Routing\\Route), Object(Illuminate\\Http\\Request))
#39 /home/ubuntu/F-DASHBOARD/vendor/laravel/framework/src/Illuminate/Routing/Router.php(635): Illuminate\\Routing\\Router->runRoute(Object(Illuminate\\Http\\Request), Object(Illuminate\\Routing\\Route))
#40 /home/ubuntu/F-DASHBOARD/vendor/laravel/framework/src/Illuminate/Routing/Router.php(624): Illuminate\\Routing\\Router->dispatchToRoute(Object(Illuminate\\Http\\Request))
#41 /home/ubuntu/F-DASHBOARD/vendor/laravel/framework/src/Illuminate/Foundation/Http/Kernel.php(176): Illuminate\\Routing\\Router->dispatch(Object(Illuminate\\Http\\Request))
#42 /home/ubuntu/F-DASHBOARD/vendor/laravel/framework/src/Illuminate/Pipeline/Pipeline.php(130): Illuminate\\Foundation\\Http\\Kernel->Illuminate\\Foundation\\Http\\{closure}(Object(Illuminate\\Http\\Request))
#43 /home/ubuntu/F-DASHBOARD/vendor/laravel/framework/src/Illuminate/Foundation/Http/Middleware/TransformsRequest.php(21): Illuminate\\Pipeline\\Pipeline->Illuminate\\Pipeline\\{closure}(Object(Illuminate\\Http\\Request))
#44 /home/ubuntu/F-DASHBOARD/vendor/laravel/framework/src/Illuminate/Pipeline/Pipeline.php(171): Illuminate\\Foundation\\Http\\Middleware\\TransformsRequest->handle(Object(Illuminate\\Http\\Request), Object(Closure))
#45 /home/ubuntu/F-DASHBOARD/vendor/laravel/framework/src/Illuminate/Foundation/Http/Middleware/TransformsRequest.php(21): Illuminate\\Pipeline\\Pipeline->Illuminate\\Pipeline\\{closure}(Object(Illuminate\\Http\\Request))
#46 /home/ubuntu/F-DASHBOARD/vendor/laravel/framework/src/Illuminate/Pipeline/Pipeline.php(171): Illuminate\\Foundation\\Http\\Middleware\\TransformsRequest->handle(Object(Illuminate\\Http\\Request), Object(Closure))
#47 /home/ubuntu/F-DASHBOARD/vendor/laravel/framework/src/Illuminate/Foundation/Http/Middleware/ValidatePostSize.php(27): Illuminate\\Pipeline\\Pipeline->Illuminate\\Pipeline\\{closure}(Object(Illuminate\\Http\\Request))
#48 /home/ubuntu/F-DASHBOARD/vendor/laravel/framework/src/Illuminate/Pipeline/Pipeline.php(171): Illuminate\\Foundation\\Http\\Middleware\\ValidatePostSize->handle(Object(Illuminate\\Http\\Request), Object(Closure))
#49 /home/ubuntu/F-DASHBOARD/vendor/laravel/framework/src/Illuminate/Foundation/Http/Middleware/CheckForMaintenanceMode.php(62): Illuminate\\Pipeline\\Pipeline->Illuminate\\Pipeline\\{closure}(Object(Illuminate\\Http\\Request))
#50 /home/ubuntu/F-DASHBOARD/vendor/laravel/framework/src/Illuminate/Pipeline/Pipeline.php(171): Illuminate\\Foundation\\Http\\Middleware\\CheckForMaintenanceMode->handle(Object(Illuminate\\Http\\Request), Object(Closure))
#51 /home/ubuntu/F-DASHBOARD/vendor/fideloper/proxy/src/TrustProxies.php(57): Illuminate\\Pipeline\\Pipeline->Illuminate\\Pipeline\\{closure}(Object(Illuminate\\Http\\Request))
#52 /home/ubuntu/F-DASHBOARD/vendor/laravel/framework/src/Illuminate/Pipeline/Pipeline.php(171): Fideloper\\Proxy\\TrustProxies->handle(Object(Illuminate\\Http\\Request), Object(Closure))
#53 /home/ubuntu/F-DASHBOARD/vendor/laravel/framework/src/Illuminate/Pipeline/Pipeline.php(105): Illuminate\\Pipeline\\Pipeline->Illuminate\\Pipeline\\{closure}(Object(Illuminate\\Http\\Request))
#54 /home/ubuntu/F-DASHBOARD/vendor/laravel/framework/src/Illuminate/Foundation/Http/Kernel.php(151): Illuminate\\Pipeline\\Pipeline->then(Object(Closure))
#55 /home/ubuntu/F-DASHBOARD/vendor/laravel/framework/src/Illuminate/Foundation/Http/Kernel.php(116): Illuminate\\Foundation\\Http\\Kernel->sendRequestThroughRouter(Object(Illuminate\\Http\\Request))
#56 /home/ubuntu/F-DASHBOARD/public/index.php(55): Illuminate\\Foundation\\Http\\Kernel->handle(Object(Illuminate\\Http\\Request))
#57 /home/ubuntu/F-DASHBOARD/server.php(21): require_once('/home/ubuntu/F-...')
#58 {main}

[previous exception] [object] (Symfony\\Component\\Routing\\Exception\\RouteNotFoundException(code: 0): Route [users] not defined. at /home/ubuntu/F-DASHBOARD/vendor/laravel/framework/src/Illuminate/Routing/UrlGenerator.php:420)
[stacktrace]
#0 /home/ubuntu/F-DASHBOARD/vendor/laravel/framework/src/Illuminate/Foundation/helpers.php(782): Illuminate\\Routing\\UrlGenerator->route('users', Array, true)
#1 /home/ubuntu/F-DASHBOARD/storage/framework/views/67ecd19f0deec08f2d0b82c6370e50477ac50719.php(3): route('users')
#2 /home/ubuntu/F-DASHBOARD/vendor/laravel/framework/src/Illuminate/View/Engines/PhpEngine.php(43): include('/home/ubuntu/F-...')
#3 /home/ubuntu/F-DASHBOARD/vendor/laravel/framework/src/Illuminate/View/Engines/CompilerEngine.php(59): Illuminate\\View\\Engines\\PhpEngine->evaluatePath('/home/ubuntu/F-...', Array)
#4 /home/ubuntu/F-DASHBOARD/vendor/facade/ignition/src/Views/Engines/CompilerEngine.php(36): Illuminate\\View\\Engines\\CompilerEngine->get('/home/ubuntu/F-...', Array)
#5 /home/ubuntu/F-DASHBOARD/vendor/laravel/framework/src/Illuminate/View/View.php(143): Facade\\Ignition\\Views\\Engines\\CompilerEngine->get('/home/ubuntu/F-...', Array)
#6 /home/ubuntu/F-DASHBOARD/vendor/laravel/framework/src/Illuminate/View/View.php(126): Illuminate\\View\\View->getContents()
#7 /home/ubuntu/F-DASHBOARD/vendor/laravel/framework/src/Illuminate/View/View.php(91): Illuminate\\View\\View->renderContents()
#8 /home/ubuntu/F-DASHBOARD/vendor/laravel/framework/src/Illuminate/Http/Response.php(42): Illuminate\\View\\View->render()
#9 /home/ubuntu/F-DASHBOARD/vendor/symfony/http-foundation/Response.php(202): Illuminate\\Http\\Response->setContent(Object(Illuminate\\View\\View))
#10 /home/ubuntu/F-DASHBOARD/vendor/laravel/framework/src/Illuminate/Routing/Router.php(760): Symfony\\Component\\HttpFoundation\\Response->__construct(Object(Illuminate\\View\\View))
#11 /home/ubuntu/F-DASHBOARD/vendor/laravel/framework/src/Illuminate/Routing/Router.php(732): Illuminate\\Routing\\Router::toResponse(Object(Illuminate\\Http\\Request), Object(Illuminate\\View\\View))
#12 /home/ubuntu/F-DASHBOARD/vendor/laravel/framework/src/Illuminate/Routing/Router.php(692): Illuminate\\Routing\\Router->prepareResponse(Object(Illuminate\\Http\\Request), Object(Illuminate\\View\\View))
#13 /home/ubuntu/F-DASHBOARD/vendor/laravel/framework/src/Illuminate/Pipeline/Pipeline.php(130): Illuminate\\Routing\\Router->Illuminate\\Routing\\{closure}(Object(Illuminate\\Http\\Request))
#14 /home/ubuntu/F-DASHBOARD/vendor/spatie/laravel-permission/src/Middlewares/PermissionMiddleware.php(22): Illuminate\\Pipeline\\Pipeline->Illuminate\\Pipeline\\{closure}(Object(Illuminate\\Http\\Request))
#15 /home/ubuntu/F-DASHBOARD/vendor/laravel/framework/src/Illuminate/Pipeline/Pipeline.php(171): Spatie\\Permission\\Middlewares\\PermissionMiddleware->handle(Object(Illuminate\\Http\\Request), Object(Closure), 'read')
#16 /home/ubuntu/F-DASHBOARD/vendor/mcamara/laravel-localization/src/Mcamara/LaravelLocalization/Middleware/LaravelLocalizationViewPath.php(33): Illuminate\\Pipeline\\Pipeline->Illuminate\\Pipeline\\{closure}(Object(Illuminate\\Http\\Request))
#17 /home/ubuntu/F-DASHBOARD/vendor/laravel/framework/src/Illuminate/Pipeline/Pipeline.php(171): Mcamara\\LaravelLocalization\\Middleware\\LaravelLocalizationViewPath->handle(Object(Illuminate\\Http\\Request), Object(Closure))
#18 /home/ubuntu/F-DASHBOARD/vendor/mcamara/laravel-localization/src/Mcamara/LaravelLocalization/Middleware/LaravelLocalizationRedirectFilter.php(45): Illuminate\\Pipeline\\Pipeline->Illuminate\\Pipeline\\{closure}(Object(Illuminate\\Http\\Request))
#19 /home/ubuntu/F-DASHBOARD/vendor/laravel/framework/src/Illuminate/Pipeline/Pipeline.php(171): Mcamara\\LaravelLocalization\\Middleware\\LaravelLocalizationRedirectFilter->handle(Object(Illuminate\\Http\\Request), Object(Closure))
#20 /home/ubuntu/F-DASHBOARD/vendor/mcamara/laravel-localization/src/Mcamara/LaravelLocalization/Middleware/LocaleSessionRedirect.php(32): Illuminate\\Pipeline\\Pipeline->Illuminate\\Pipeline\\{closure}(Object(Illuminate\\Http\\Request))
#21 /home/ubuntu/F-DASHBOARD/vendor/laravel/framework/src/Illuminate/Pipeline/Pipeline.php(171): Mcamara\\LaravelLocalization\\Middleware\\LocaleSessionRedirect->handle(Object(Illuminate\\Http\\Request), Object(Closure))
#22 /home/ubuntu/F-DASHBOARD/vendor/laravel/framework/src/Illuminate/Routing/Middleware/SubstituteBindings.php(41): Illuminate\\Pipeline\\Pipeline->Illuminate\\Pipeline\\{closure}(Object(Illuminate\\Http\\Request))
#23 /home/ubuntu/F-DASHBOARD/vendor/laravel/framework/src/Illuminate/Pipeline/Pipeline.php(171): Illuminate\\Routing\\Middleware\\SubstituteBindings->handle(Object(Illuminate\\Http\\Request), Object(Closure))
#24 /home/ubuntu/F-DASHBOARD/vendor/laravel/framework/src/Illuminate/Auth/Middleware/Authenticate.php(43): Illuminate\\Pipeline\\Pipeline->Illuminate\\Pipeline\\{closure}(Object(Illuminate\\Http\\Request))
#25 /home/ubuntu/F-DASHBOARD/vendor/laravel/framework/src/Illuminate/Pipeline/Pipeline.php(171): Illuminate\\Auth\\Middleware\\Authenticate->handle(Object(Illuminate\\Http\\Request), Object(Closure))
#26 /home/ubuntu/F-DASHBOARD/vendor/laravel/framework/src/Illuminate/Foundation/Http/Middleware/VerifyCsrfToken.php(76): Illuminate\\Pipeline\\Pipeline->Illuminate\\Pipeline\\{closure}(Object(Illuminate\\Http\\Request))
#27 /home/ubuntu/F-DASHBOARD/vendor/laravel/framework/src/Illuminate/Pipeline/Pipeline.php(171): Illuminate\\Foundation\\Http\\Middleware\\VerifyCsrfToken->handle(Object(Illuminate\\Http\\Request), Object(Closure))
#28 /home/ubuntu/F-DASHBOARD/vendor/laravel/framework/src/Illuminate/View/Middleware/ShareErrorsFromSession.php(49): Illuminate\\Pipeline\\Pipeline->Illuminate\\Pipeline\\{closure}(Object(Illuminate\\Http\\Request))
#29 /home/ubuntu/F-DASHBOARD/vendor/laravel/framework/src/Illuminate/Pipeline/Pipeline.php(171): Illuminate\\View\\Middleware\\ShareErrorsFromSession->handle(Object(Illuminate\\Http\\Request), Object(Closure))
#30 /home/ubuntu/F-DASHBOARD/vendor/laravel/framework/src/Illuminate/Session/Middleware/StartSession.php(56): Illuminate\\Pipeline\\Pipeline->Illuminate\\Pipeline\\{closure}(Object(Illuminate\\Http\\Request))
#31 /home/ubuntu/F-DASHBOARD/vendor/laravel/framework/src/Illuminate/Pipeline/Pipeline.php(171): Illuminate\\Session\\Middleware\\StartSession->handle(Object(Illuminate\\Http\\Request), Object(Closure))
#32 /home/ubuntu/F-DASHBOARD/vendor/laravel/framework/src/Illuminate/Cookie/Middleware/AddQueuedCookiesToResponse.php(37): Illuminate\\Pipeline\\Pipeline->Illuminate\\Pipeline\\{closure}(Object(Illuminate\\Http\\Request))
#33 /home/ubuntu/F-DASHBOARD/vendor/laravel/framework/src/Illuminate/Pipeline/Pipeline.php(171): Illuminate\\Cookie\\Middleware\\AddQueuedCookiesToResponse->handle(Object(Illuminate\\Http\\Request), Object(Closure))
#34 /home/ubuntu/F-DASHBOARD/vendor/laravel/framework/src/Illuminate/Cookie/Middleware/EncryptCookies.php(66): Illuminate\\Pipeline\\Pipeline->Illuminate\\Pipeline\\{closure}(Object(Illuminate\\Http\\Request))
#35 /home/ubuntu/F-DASHBOARD/vendor/laravel/framework/src/Illuminate/Pipeline/Pipeline.php(171): Illuminate\\Cookie\\Middleware\\EncryptCookies->handle(Object(Illuminate\\Http\\Request), Object(Closure))
#36 /home/ubuntu/F-DASHBOARD/vendor/laravel/framework/src/Illuminate/Pipeline/Pipeline.php(105): Illuminate\\Pipeline\\Pipeline->Illuminate\\Pipeline\\{closure}(Object(Illuminate\\Http\\Request))
#37 /home/ubuntu/F-DASHBOARD/vendor/laravel/framework/src/Illuminate/Routing/Router.php(694): Illuminate\\Pipeline\\Pipeline->then(Object(Closure))
#38 /home/ubuntu/F-DASHBOARD/vendor/laravel/framework/src/Illuminate/Routing/Router.php(669): Illuminate\\Routing\\Router->runRouteWithinStack(Object(Illuminate\\Routing\\Route), Object(Illuminate\\Http\\Request))
#39 /home/ubuntu/F-DASHBOARD/vendor/laravel/framework/src/Illuminate/Routing/Router.php(635): Illuminate\\Routing\\Router->runRoute(Object(Illuminate\\Http\\Request), Object(Illuminate\\Routing\\Route))
#40 /home/ubuntu/F-DASHBOARD/vendor/laravel/framework/src/Illuminate/Routing/Router.php(624): Illuminate\\Routing\\Router->dispatchToRoute(Object(Illuminate\\Http\\Request))
#41 /home/ubuntu/F-DASHBOARD/vendor/laravel/framework/src/Illuminate/Foundation/Http/Kernel.php(176): Illuminate\\Routing\\Router->dispatch(Object(Illuminate\\Http\\Request))
#42 /home/ubuntu/F-DASHBOARD/vendor/laravel/framework/src/Illuminate/Pipeline/Pipeline.php(130): Illuminate\\Foundation\\Http\\Kernel->Illuminate\\Foundation\\Http\\{closure}(Object(Illuminate\\Http\\Request))
#43 /home/ubuntu/F-DASHBOARD/vendor/laravel/framework/src/Illuminate/Foundation/Http/Middleware/TransformsRequest.php(21): Illuminate\\Pipeline\\Pipeline->Illuminate\\Pipeline\\{closure}(Object(Illuminate\\Http\\Request))
#44 /home/ubuntu/F-DASHBOARD/vendor/laravel/framework/src/Illuminate/Pipeline/Pipeline.php(171): Illuminate\\Foundation\\Http\\Middleware\\TransformsRequest->handle(Object(Illuminate\\Http\\Request), Object(Closure))
#45 /home/ubuntu/F-DASHBOARD/vendor/laravel/framework/src/Illuminate/Foundation/Http/Middleware/TransformsRequest.php(21): Illuminate\\Pipeline\\Pipeline->Illuminate\\Pipeline\\{closure}(Object(Illuminate\\Http\\Request))
#46 /home/ubuntu/F-DASHBOARD/vendor/laravel/framework/src/Illuminate/Pipeline/Pipeline.php(171): Illuminate\\Foundation\\Http\\Middleware\\TransformsRequest->handle(Object(Illuminate\\Http\\Request), Object(Closure))
#47 /home/ubuntu/F-DASHBOARD/vendor/laravel/framework/src/Illuminate/Foundation/Http/Middleware/ValidatePostSize.php(27): Illuminate\\Pipeline\\Pipeline->Illuminate\\Pipeline\\{closure}(Object(Illuminate\\Http\\Request))
#48 /home/ubuntu/F-DASHBOARD/vendor/laravel/framework/src/Illuminate/Pipeline/Pipeline.php(171): Illuminate\\Foundation\\Http\\Middleware\\ValidatePostSize->handle(Object(Illuminate\\Http\\Request), Object(Closure))
#49 /home/ubuntu/F-DASHBOARD/vendor/laravel/framework/src/Illuminate/Foundation/Http/Middleware/CheckForMaintenanceMode.php(62): Illuminate\\Pipeline\\Pipeline->Illuminate\\Pipeline\\{closure}(Object(Illuminate\\Http\\Request))
#50 /home/ubuntu/F-DASHBOARD/vendor/laravel/framework/src/Illuminate/Pipeline/Pipeline.php(171): Illuminate\\Foundation\\Http\\Middleware\\CheckForMaintenanceMode->handle(Object(Illuminate\\Http\\Request), Object(Closure))
#51 /home/ubuntu/F-DASHBOARD/vendor/fideloper/proxy/src/TrustProxies.php(57): Illuminate\\Pipeline\\Pipeline->Illuminate\\Pipeline\\{closure}(Object(Illuminate\\Http\\Request))
#52 /home/ubuntu/F-DASHBOARD/vendor/laravel/framework/src/Illuminate/Pipeline/Pipeline.php(171): Fideloper\\Proxy\\TrustProxies->handle(Object(Illuminate\\Http\\Request), Object(Closure))
#53 /home/ubuntu/F-DASHBOARD/vendor/laravel/framework/src/Illuminate/Pipeline/Pipeline.php(105): Illuminate\\Pipeline\\Pipeline->Illuminate\\Pipeline\\{closure}(Object(Illuminate\\Http\\Request))
#54 /home/ubuntu/F-DASHBOARD/vendor/laravel/framework/src/Illuminate/Foundation/Http/Kernel.php(151): Illuminate\\Pipeline\\Pipeline->then(Object(Closure))
#55 /home/ubuntu/F-DASHBOARD/vendor/laravel/framework/src/Illuminate/Foundation/Http/Kernel.php(116): Illuminate\\Foundation\\Http\\Kernel->sendRequestThroughRouter(Object(Illuminate\\Http\\Request))
#56 /home/ubuntu/F-DASHBOARD/public/index.php(55): Illuminate\\Foundation\\Http\\Kernel->handle(Object(Illuminate\\Http\\Request))
#57 /home/ubuntu/F-DASHBOARD/server.php(21): require_once('/home/ubuntu/F-...')
#58 {main}
"} 
[2020-01-03 00:38:50] local.ERROR: Route [users] not defined. (View: /home/ubuntu/F-DASHBOARD/resources/views/dashboard/users/index.blade.php) {"userId":1,"exception":"[object] (Facade\\Ignition\\Exceptions\\ViewException(code: 0): Route [users] not defined. (View: /home/ubuntu/F-DASHBOARD/resources/views/dashboard/users/index.blade.php) at /home/ubuntu/F-DASHBOARD/vendor/laravel/framework/src/Illuminate/Routing/UrlGenerator.php:420)
[stacktrace]
#0 /home/ubuntu/F-DASHBOARD/vendor/laravel/framework/src/Illuminate/Foundation/helpers.php(782): Illuminate\\Routing\\UrlGenerator->route('users', Array, true)
#1 /home/ubuntu/F-DASHBOARD/resources/views/dashboard/users/index.blade.php(6): route('users')
#2 /home/ubuntu/F-DASHBOARD/vendor/laravel/framework/src/Illuminate/View/Engines/PhpEngine.php(43): include('/home/ubuntu/F-...')
#3 /home/ubuntu/F-DASHBOARD/vendor/laravel/framework/src/Illuminate/View/Engines/CompilerEngine.php(59): Illuminate\\View\\Engines\\PhpEngine->evaluatePath('/home/ubuntu/F-...', Array)
#4 /home/ubuntu/F-DASHBOARD/vendor/facade/ignition/src/Views/Engines/CompilerEngine.php(36): Illuminate\\View\\Engines\\CompilerEngine->get('/home/ubuntu/F-...', Array)
#5 /home/ubuntu/F-DASHBOARD/vendor/laravel/framework/src/Illuminate/View/View.php(143): Facade\\Ignition\\Views\\Engines\\CompilerEngine->get('/home/ubuntu/F-...', Array)
#6 /home/ubuntu/F-DASHBOARD/vendor/laravel/framework/src/Illuminate/View/View.php(126): Illuminate\\View\\View->getContents()
#7 /home/ubuntu/F-DASHBOARD/vendor/laravel/framework/src/Illuminate/View/View.php(91): Illuminate\\View\\View->renderContents()
#8 /home/ubuntu/F-DASHBOARD/vendor/laravel/framework/src/Illuminate/Http/Response.php(42): Illuminate\\View\\View->render()
#9 /home/ubuntu/F-DASHBOARD/vendor/symfony/http-foundation/Response.php(202): Illuminate\\Http\\Response->setContent(Object(Illuminate\\View\\View))
#10 /home/ubuntu/F-DASHBOARD/vendor/laravel/framework/src/Illuminate/Routing/Router.php(760): Symfony\\Component\\HttpFoundation\\Response->__construct(Object(Illuminate\\View\\View))
#11 /home/ubuntu/F-DASHBOARD/vendor/laravel/framework/src/Illuminate/Routing/Router.php(732): Illuminate\\Routing\\Router::toResponse(Object(Illuminate\\Http\\Request), Object(Illuminate\\View\\View))
#12 /home/ubuntu/F-DASHBOARD/vendor/laravel/framework/src/Illuminate/Routing/Router.php(692): Illuminate\\Routing\\Router->prepareResponse(Object(Illuminate\\Http\\Request), Object(Illuminate\\View\\View))
#13 /home/ubuntu/F-DASHBOARD/vendor/laravel/framework/src/Illuminate/Pipeline/Pipeline.php(130): Illuminate\\Routing\\Router->Illuminate\\Routing\\{closure}(Object(Illuminate\\Http\\Request))
#14 /home/ubuntu/F-DASHBOARD/vendor/spatie/laravel-permission/src/Middlewares/PermissionMiddleware.php(22): Illuminate\\Pipeline\\Pipeline->Illuminate\\Pipeline\\{closure}(Object(Illuminate\\Http\\Request))
#15 /home/ubuntu/F-DASHBOARD/vendor/laravel/framework/src/Illuminate/Pipeline/Pipeline.php(171): Spatie\\Permission\\Middlewares\\PermissionMiddleware->handle(Object(Illuminate\\Http\\Request), Object(Closure), 'read')
#16 /home/ubuntu/F-DASHBOARD/vendor/mcamara/laravel-localization/src/Mcamara/LaravelLocalization/Middleware/LaravelLocalizationViewPath.php(33): Illuminate\\Pipeline\\Pipeline->Illuminate\\Pipeline\\{closure}(Object(Illuminate\\Http\\Request))
#17 /home/ubuntu/F-DASHBOARD/vendor/laravel/framework/src/Illuminate/Pipeline/Pipeline.php(171): Mcamara\\LaravelLocalization\\Middleware\\LaravelLocalizationViewPath->handle(Object(Illuminate\\Http\\Request), Object(Closure))
#18 /home/ubuntu/F-DASHBOARD/vendor/mcamara/laravel-localization/src/Mcamara/LaravelLocalization/Middleware/LaravelLocalizationRedirectFilter.php(45): Illuminate\\Pipeline\\Pipeline->Illuminate\\Pipeline\\{closure}(Object(Illuminate\\Http\\Request))
#19 /home/ubuntu/F-DASHBOARD/vendor/laravel/framework/src/Illuminate/Pipeline/Pipeline.php(171): Mcamara\\LaravelLocalization\\Middleware\\LaravelLocalizationRedirectFilter->handle(Object(Illuminate\\Http\\Request), Object(Closure))
#20 /home/ubuntu/F-DASHBOARD/vendor/mcamara/laravel-localization/src/Mcamara/LaravelLocalization/Middleware/LocaleSessionRedirect.php(32): Illuminate\\Pipeline\\Pipeline->Illuminate\\Pipeline\\{closure}(Object(Illuminate\\Http\\Request))
#21 /home/ubuntu/F-DASHBOARD/vendor/laravel/framework/src/Illuminate/Pipeline/Pipeline.php(171): Mcamara\\LaravelLocalization\\Middleware\\LocaleSessionRedirect->handle(Object(Illuminate\\Http\\Request), Object(Closure))
#22 /home/ubuntu/F-DASHBOARD/vendor/laravel/framework/src/Illuminate/Routing/Middleware/SubstituteBindings.php(41): Illuminate\\Pipeline\\Pipeline->Illuminate\\Pipeline\\{closure}(Object(Illuminate\\Http\\Request))
#23 /home/ubuntu/F-DASHBOARD/vendor/laravel/framework/src/Illuminate/Pipeline/Pipeline.php(171): Illuminate\\Routing\\Middleware\\SubstituteBindings->handle(Object(Illuminate\\Http\\Request), Object(Closure))
#24 /home/ubuntu/F-DASHBOARD/vendor/laravel/framework/src/Illuminate/Auth/Middleware/Authenticate.php(43): Illuminate\\Pipeline\\Pipeline->Illuminate\\Pipeline\\{closure}(Object(Illuminate\\Http\\Request))
#25 /home/ubuntu/F-DASHBOARD/vendor/laravel/framework/src/Illuminate/Pipeline/Pipeline.php(171): Illuminate\\Auth\\Middleware\\Authenticate->handle(Object(Illuminate\\Http\\Request), Object(Closure))
#26 /home/ubuntu/F-DASHBOARD/vendor/laravel/framework/src/Illuminate/Foundation/Http/Middleware/VerifyCsrfToken.php(76): Illuminate\\Pipeline\\Pipeline->Illuminate\\Pipeline\\{closure}(Object(Illuminate\\Http\\Request))
#27 /home/ubuntu/F-DASHBOARD/vendor/laravel/framework/src/Illuminate/Pipeline/Pipeline.php(171): Illuminate\\Foundation\\Http\\Middleware\\VerifyCsrfToken->handle(Object(Illuminate\\Http\\Request), Object(Closure))
#28 /home/ubuntu/F-DASHBOARD/vendor/laravel/framework/src/Illuminate/View/Middleware/ShareErrorsFromSession.php(49): Illuminate\\Pipeline\\Pipeline->Illuminate\\Pipeline\\{closure}(Object(Illuminate\\Http\\Request))
#29 /home/ubuntu/F-DASHBOARD/vendor/laravel/framework/src/Illuminate/Pipeline/Pipeline.php(171): Illuminate\\View\\Middleware\\ShareErrorsFromSession->handle(Object(Illuminate\\Http\\Request), Object(Closure))
#30 /home/ubuntu/F-DASHBOARD/vendor/laravel/framework/src/Illuminate/Session/Middleware/StartSession.php(56): Illuminate\\Pipeline\\Pipeline->Illuminate\\Pipeline\\{closure}(Object(Illuminate\\Http\\Request))
#31 /home/ubuntu/F-DASHBOARD/vendor/laravel/framework/src/Illuminate/Pipeline/Pipeline.php(171): Illuminate\\Session\\Middleware\\StartSession->handle(Object(Illuminate\\Http\\Request), Object(Closure))
#32 /home/ubuntu/F-DASHBOARD/vendor/laravel/framework/src/Illuminate/Cookie/Middleware/AddQueuedCookiesToResponse.php(37): Illuminate\\Pipeline\\Pipeline->Illuminate\\Pipeline\\{closure}(Object(Illuminate\\Http\\Request))
#33 /home/ubuntu/F-DASHBOARD/vendor/laravel/framework/src/Illuminate/Pipeline/Pipeline.php(171): Illuminate\\Cookie\\Middleware\\AddQueuedCookiesToResponse->handle(Object(Illuminate\\Http\\Request), Object(Closure))
#34 /home/ubuntu/F-DASHBOARD/vendor/laravel/framework/src/Illuminate/Cookie/Middleware/EncryptCookies.php(66): Illuminate\\Pipeline\\Pipeline->Illuminate\\Pipeline\\{closure}(Object(Illuminate\\Http\\Request))
#35 /home/ubuntu/F-DASHBOARD/vendor/laravel/framework/src/Illuminate/Pipeline/Pipeline.php(171): Illuminate\\Cookie\\Middleware\\EncryptCookies->handle(Object(Illuminate\\Http\\Request), Object(Closure))
#36 /home/ubuntu/F-DASHBOARD/vendor/laravel/framework/src/Illuminate/Pipeline/Pipeline.php(105): Illuminate\\Pipeline\\Pipeline->Illuminate\\Pipeline\\{closure}(Object(Illuminate\\Http\\Request))
#37 /home/ubuntu/F-DASHBOARD/vendor/laravel/framework/src/Illuminate/Routing/Router.php(694): Illuminate\\Pipeline\\Pipeline->then(Object(Closure))
#38 /home/ubuntu/F-DASHBOARD/vendor/laravel/framework/src/Illuminate/Routing/Router.php(669): Illuminate\\Routing\\Router->runRouteWithinStack(Object(Illuminate\\Routing\\Route), Object(Illuminate\\Http\\Request))
#39 /home/ubuntu/F-DASHBOARD/vendor/laravel/framework/src/Illuminate/Routing/Router.php(635): Illuminate\\Routing\\Router->runRoute(Object(Illuminate\\Http\\Request), Object(Illuminate\\Routing\\Route))
#40 /home/ubuntu/F-DASHBOARD/vendor/laravel/framework/src/Illuminate/Routing/Router.php(624): Illuminate\\Routing\\Router->dispatchToRoute(Object(Illuminate\\Http\\Request))
#41 /home/ubuntu/F-DASHBOARD/vendor/laravel/framework/src/Illuminate/Foundation/Http/Kernel.php(176): Illuminate\\Routing\\Router->dispatch(Object(Illuminate\\Http\\Request))
#42 /home/ubuntu/F-DASHBOARD/vendor/laravel/framework/src/Illuminate/Pipeline/Pipeline.php(130): Illuminate\\Foundation\\Http\\Kernel->Illuminate\\Foundation\\Http\\{closure}(Object(Illuminate\\Http\\Request))
#43 /home/ubuntu/F-DASHBOARD/vendor/laravel/framework/src/Illuminate/Foundation/Http/Middleware/TransformsRequest.php(21): Illuminate\\Pipeline\\Pipeline->Illuminate\\Pipeline\\{closure}(Object(Illuminate\\Http\\Request))
#44 /home/ubuntu/F-DASHBOARD/vendor/laravel/framework/src/Illuminate/Pipeline/Pipeline.php(171): Illuminate\\Foundation\\Http\\Middleware\\TransformsRequest->handle(Object(Illuminate\\Http\\Request), Object(Closure))
#45 /home/ubuntu/F-DASHBOARD/vendor/laravel/framework/src/Illuminate/Foundation/Http/Middleware/TransformsRequest.php(21): Illuminate\\Pipeline\\Pipeline->Illuminate\\Pipeline\\{closure}(Object(Illuminate\\Http\\Request))
#46 /home/ubuntu/F-DASHBOARD/vendor/laravel/framework/src/Illuminate/Pipeline/Pipeline.php(171): Illuminate\\Foundation\\Http\\Middleware\\TransformsRequest->handle(Object(Illuminate\\Http\\Request), Object(Closure))
#47 /home/ubuntu/F-DASHBOARD/vendor/laravel/framework/src/Illuminate/Foundation/Http/Middleware/ValidatePostSize.php(27): Illuminate\\Pipeline\\Pipeline->Illuminate\\Pipeline\\{closure}(Object(Illuminate\\Http\\Request))
#48 /home/ubuntu/F-DASHBOARD/vendor/laravel/framework/src/Illuminate/Pipeline/Pipeline.php(171): Illuminate\\Foundation\\Http\\Middleware\\ValidatePostSize->handle(Object(Illuminate\\Http\\Request), Object(Closure))
#49 /home/ubuntu/F-DASHBOARD/vendor/laravel/framework/src/Illuminate/Foundation/Http/Middleware/CheckForMaintenanceMode.php(62): Illuminate\\Pipeline\\Pipeline->Illuminate\\Pipeline\\{closure}(Object(Illuminate\\Http\\Request))
#50 /home/ubuntu/F-DASHBOARD/vendor/laravel/framework/src/Illuminate/Pipeline/Pipeline.php(171): Illuminate\\Foundation\\Http\\Middleware\\CheckForMaintenanceMode->handle(Object(Illuminate\\Http\\Request), Object(Closure))
#51 /home/ubuntu/F-DASHBOARD/vendor/fideloper/proxy/src/TrustProxies.php(57): Illuminate\\Pipeline\\Pipeline->Illuminate\\Pipeline\\{closure}(Object(Illuminate\\Http\\Request))
#52 /home/ubuntu/F-DASHBOARD/vendor/laravel/framework/src/Illuminate/Pipeline/Pipeline.php(171): Fideloper\\Proxy\\TrustProxies->handle(Object(Illuminate\\Http\\Request), Object(Closure))
#53 /home/ubuntu/F-DASHBOARD/vendor/laravel/framework/src/Illuminate/Pipeline/Pipeline.php(105): Illuminate\\Pipeline\\Pipeline->Illuminate\\Pipeline\\{closure}(Object(Illuminate\\Http\\Request))
#54 /home/ubuntu/F-DASHBOARD/vendor/laravel/framework/src/Illuminate/Foundation/Http/Kernel.php(151): Illuminate\\Pipeline\\Pipeline->then(Object(Closure))
#55 /home/ubuntu/F-DASHBOARD/vendor/laravel/framework/src/Illuminate/Foundation/Http/Kernel.php(116): Illuminate\\Foundation\\Http\\Kernel->sendRequestThroughRouter(Object(Illuminate\\Http\\Request))
#56 /home/ubuntu/F-DASHBOARD/public/index.php(55): Illuminate\\Foundation\\Http\\Kernel->handle(Object(Illuminate\\Http\\Request))
#57 /home/ubuntu/F-DASHBOARD/server.php(21): require_once('/home/ubuntu/F-...')
#58 {main}

[previous exception] [object] (Symfony\\Component\\Routing\\Exception\\RouteNotFoundException(code: 0): Route [users] not defined. at /home/ubuntu/F-DASHBOARD/vendor/laravel/framework/src/Illuminate/Routing/UrlGenerator.php:420)
[stacktrace]
#0 /home/ubuntu/F-DASHBOARD/vendor/laravel/framework/src/Illuminate/Foundation/helpers.php(782): Illuminate\\Routing\\UrlGenerator->route('users', Array, true)
#1 /home/ubuntu/F-DASHBOARD/storage/framework/views/67ecd19f0deec08f2d0b82c6370e50477ac50719.php(3): route('users')
#2 /home/ubuntu/F-DASHBOARD/vendor/laravel/framework/src/Illuminate/View/Engines/PhpEngine.php(43): include('/home/ubuntu/F-...')
#3 /home/ubuntu/F-DASHBOARD/vendor/laravel/framework/src/Illuminate/View/Engines/CompilerEngine.php(59): Illuminate\\View\\Engines\\PhpEngine->evaluatePath('/home/ubuntu/F-...', Array)
#4 /home/ubuntu/F-DASHBOARD/vendor/facade/ignition/src/Views/Engines/CompilerEngine.php(36): Illuminate\\View\\Engines\\CompilerEngine->get('/home/ubuntu/F-...', Array)
#5 /home/ubuntu/F-DASHBOARD/vendor/laravel/framework/src/Illuminate/View/View.php(143): Facade\\Ignition\\Views\\Engines\\CompilerEngine->get('/home/ubuntu/F-...', Array)
#6 /home/ubuntu/F-DASHBOARD/vendor/laravel/framework/src/Illuminate/View/View.php(126): Illuminate\\View\\View->getContents()
#7 /home/ubuntu/F-DASHBOARD/vendor/laravel/framework/src/Illuminate/View/View.php(91): Illuminate\\View\\View->renderContents()
#8 /home/ubuntu/F-DASHBOARD/vendor/laravel/framework/src/Illuminate/Http/Response.php(42): Illuminate\\View\\View->render()
#9 /home/ubuntu/F-DASHBOARD/vendor/symfony/http-foundation/Response.php(202): Illuminate\\Http\\Response->setContent(Object(Illuminate\\View\\View))
#10 /home/ubuntu/F-DASHBOARD/vendor/laravel/framework/src/Illuminate/Routing/Router.php(760): Symfony\\Component\\HttpFoundation\\Response->__construct(Object(Illuminate\\View\\View))
#11 /home/ubuntu/F-DASHBOARD/vendor/laravel/framework/src/Illuminate/Routing/Router.php(732): Illuminate\\Routing\\Router::toResponse(Object(Illuminate\\Http\\Request), Object(Illuminate\\View\\View))
#12 /home/ubuntu/F-DASHBOARD/vendor/laravel/framework/src/Illuminate/Routing/Router.php(692): Illuminate\\Routing\\Router->prepareResponse(Object(Illuminate\\Http\\Request), Object(Illuminate\\View\\View))
#13 /home/ubuntu/F-DASHBOARD/vendor/laravel/framework/src/Illuminate/Pipeline/Pipeline.php(130): Illuminate\\Routing\\Router->Illuminate\\Routing\\{closure}(Object(Illuminate\\Http\\Request))
#14 /home/ubuntu/F-DASHBOARD/vendor/spatie/laravel-permission/src/Middlewares/PermissionMiddleware.php(22): Illuminate\\Pipeline\\Pipeline->Illuminate\\Pipeline\\{closure}(Object(Illuminate\\Http\\Request))
#15 /home/ubuntu/F-DASHBOARD/vendor/laravel/framework/src/Illuminate/Pipeline/Pipeline.php(171): Spatie\\Permission\\Middlewares\\PermissionMiddleware->handle(Object(Illuminate\\Http\\Request), Object(Closure), 'read')
#16 /home/ubuntu/F-DASHBOARD/vendor/mcamara/laravel-localization/src/Mcamara/LaravelLocalization/Middleware/LaravelLocalizationViewPath.php(33): Illuminate\\Pipeline\\Pipeline->Illuminate\\Pipeline\\{closure}(Object(Illuminate\\Http\\Request))
#17 /home/ubuntu/F-DASHBOARD/vendor/laravel/framework/src/Illuminate/Pipeline/Pipeline.php(171): Mcamara\\LaravelLocalization\\Middleware\\LaravelLocalizationViewPath->handle(Object(Illuminate\\Http\\Request), Object(Closure))
#18 /home/ubuntu/F-DASHBOARD/vendor/mcamara/laravel-localization/src/Mcamara/LaravelLocalization/Middleware/LaravelLocalizationRedirectFilter.php(45): Illuminate\\Pipeline\\Pipeline->Illuminate\\Pipeline\\{closure}(Object(Illuminate\\Http\\Request))
#19 /home/ubuntu/F-DASHBOARD/vendor/laravel/framework/src/Illuminate/Pipeline/Pipeline.php(171): Mcamara\\LaravelLocalization\\Middleware\\LaravelLocalizationRedirectFilter->handle(Object(Illuminate\\Http\\Request), Object(Closure))
#20 /home/ubuntu/F-DASHBOARD/vendor/mcamara/laravel-localization/src/Mcamara/LaravelLocalization/Middleware/LocaleSessionRedirect.php(32): Illuminate\\Pipeline\\Pipeline->Illuminate\\Pipeline\\{closure}(Object(Illuminate\\Http\\Request))
#21 /home/ubuntu/F-DASHBOARD/vendor/laravel/framework/src/Illuminate/Pipeline/Pipeline.php(171): Mcamara\\LaravelLocalization\\Middleware\\LocaleSessionRedirect->handle(Object(Illuminate\\Http\\Request), Object(Closure))
#22 /home/ubuntu/F-DASHBOARD/vendor/laravel/framework/src/Illuminate/Routing/Middleware/SubstituteBindings.php(41): Illuminate\\Pipeline\\Pipeline->Illuminate\\Pipeline\\{closure}(Object(Illuminate\\Http\\Request))
#23 /home/ubuntu/F-DASHBOARD/vendor/laravel/framework/src/Illuminate/Pipeline/Pipeline.php(171): Illuminate\\Routing\\Middleware\\SubstituteBindings->handle(Object(Illuminate\\Http\\Request), Object(Closure))
#24 /home/ubuntu/F-DASHBOARD/vendor/laravel/framework/src/Illuminate/Auth/Middleware/Authenticate.php(43): Illuminate\\Pipeline\\Pipeline->Illuminate\\Pipeline\\{closure}(Object(Illuminate\\Http\\Request))
#25 /home/ubuntu/F-DASHBOARD/vendor/laravel/framework/src/Illuminate/Pipeline/Pipeline.php(171): Illuminate\\Auth\\Middleware\\Authenticate->handle(Object(Illuminate\\Http\\Request), Object(Closure))
#26 /home/ubuntu/F-DASHBOARD/vendor/laravel/framework/src/Illuminate/Foundation/Http/Middleware/VerifyCsrfToken.php(76): Illuminate\\Pipeline\\Pipeline->Illuminate\\Pipeline\\{closure}(Object(Illuminate\\Http\\Request))
#27 /home/ubuntu/F-DASHBOARD/vendor/laravel/framework/src/Illuminate/Pipeline/Pipeline.php(171): Illuminate\\Foundation\\Http\\Middleware\\VerifyCsrfToken->handle(Object(Illuminate\\Http\\Request), Object(Closure))
#28 /home/ubuntu/F-DASHBOARD/vendor/laravel/framework/src/Illuminate/View/Middleware/ShareErrorsFromSession.php(49): Illuminate\\Pipeline\\Pipeline->Illuminate\\Pipeline\\{closure}(Object(Illuminate\\Http\\Request))
#29 /home/ubuntu/F-DASHBOARD/vendor/laravel/framework/src/Illuminate/Pipeline/Pipeline.php(171): Illuminate\\View\\Middleware\\ShareErrorsFromSession->handle(Object(Illuminate\\Http\\Request), Object(Closure))
#30 /home/ubuntu/F-DASHBOARD/vendor/laravel/framework/src/Illuminate/Session/Middleware/StartSession.php(56): Illuminate\\Pipeline\\Pipeline->Illuminate\\Pipeline\\{closure}(Object(Illuminate\\Http\\Request))
#31 /home/ubuntu/F-DASHBOARD/vendor/laravel/framework/src/Illuminate/Pipeline/Pipeline.php(171): Illuminate\\Session\\Middleware\\StartSession->handle(Object(Illuminate\\Http\\Request), Object(Closure))
#32 /home/ubuntu/F-DASHBOARD/vendor/laravel/framework/src/Illuminate/Cookie/Middleware/AddQueuedCookiesToResponse.php(37): Illuminate\\Pipeline\\Pipeline->Illuminate\\Pipeline\\{closure}(Object(Illuminate\\Http\\Request))
#33 /home/ubuntu/F-DASHBOARD/vendor/laravel/framework/src/Illuminate/Pipeline/Pipeline.php(171): Illuminate\\Cookie\\Middleware\\AddQueuedCookiesToResponse->handle(Object(Illuminate\\Http\\Request), Object(Closure))
#34 /home/ubuntu/F-DASHBOARD/vendor/laravel/framework/src/Illuminate/Cookie/Middleware/EncryptCookies.php(66): Illuminate\\Pipeline\\Pipeline->Illuminate\\Pipeline\\{closure}(Object(Illuminate\\Http\\Request))
#35 /home/ubuntu/F-DASHBOARD/vendor/laravel/framework/src/Illuminate/Pipeline/Pipeline.php(171): Illuminate\\Cookie\\Middleware\\EncryptCookies->handle(Object(Illuminate\\Http\\Request), Object(Closure))
#36 /home/ubuntu/F-DASHBOARD/vendor/laravel/framework/src/Illuminate/Pipeline/Pipeline.php(105): Illuminate\\Pipeline\\Pipeline->Illuminate\\Pipeline\\{closure}(Object(Illuminate\\Http\\Request))
#37 /home/ubuntu/F-DASHBOARD/vendor/laravel/framework/src/Illuminate/Routing/Router.php(694): Illuminate\\Pipeline\\Pipeline->then(Object(Closure))
#38 /home/ubuntu/F-DASHBOARD/vendor/laravel/framework/src/Illuminate/Routing/Router.php(669): Illuminate\\Routing\\Router->runRouteWithinStack(Object(Illuminate\\Routing\\Route), Object(Illuminate\\Http\\Request))
#39 /home/ubuntu/F-DASHBOARD/vendor/laravel/framework/src/Illuminate/Routing/Router.php(635): Illuminate\\Routing\\Router->runRoute(Object(Illuminate\\Http\\Request), Object(Illuminate\\Routing\\Route))
#40 /home/ubuntu/F-DASHBOARD/vendor/laravel/framework/src/Illuminate/Routing/Router.php(624): Illuminate\\Routing\\Router->dispatchToRoute(Object(Illuminate\\Http\\Request))
#41 /home/ubuntu/F-DASHBOARD/vendor/laravel/framework/src/Illuminate/Foundation/Http/Kernel.php(176): Illuminate\\Routing\\Router->dispatch(Object(Illuminate\\Http\\Request))
#42 /home/ubuntu/F-DASHBOARD/vendor/laravel/framework/src/Illuminate/Pipeline/Pipeline.php(130): Illuminate\\Foundation\\Http\\Kernel->Illuminate\\Foundation\\Http\\{closure}(Object(Illuminate\\Http\\Request))
#43 /home/ubuntu/F-DASHBOARD/vendor/laravel/framework/src/Illuminate/Foundation/Http/Middleware/TransformsRequest.php(21): Illuminate\\Pipeline\\Pipeline->Illuminate\\Pipeline\\{closure}(Object(Illuminate\\Http\\Request))
#44 /home/ubuntu/F-DASHBOARD/vendor/laravel/framework/src/Illuminate/Pipeline/Pipeline.php(171): Illuminate\\Foundation\\Http\\Middleware\\TransformsRequest->handle(Object(Illuminate\\Http\\Request), Object(Closure))
#45 /home/ubuntu/F-DASHBOARD/vendor/laravel/framework/src/Illuminate/Foundation/Http/Middleware/TransformsRequest.php(21): Illuminate\\Pipeline\\Pipeline->Illuminate\\Pipeline\\{closure}(Object(Illuminate\\Http\\Request))
#46 /home/ubuntu/F-DASHBOARD/vendor/laravel/framework/src/Illuminate/Pipeline/Pipeline.php(171): Illuminate\\Foundation\\Http\\Middleware\\TransformsRequest->handle(Object(Illuminate\\Http\\Request), Object(Closure))
#47 /home/ubuntu/F-DASHBOARD/vendor/laravel/framework/src/Illuminate/Foundation/Http/Middleware/ValidatePostSize.php(27): Illuminate\\Pipeline\\Pipeline->Illuminate\\Pipeline\\{closure}(Object(Illuminate\\Http\\Request))
#48 /home/ubuntu/F-DASHBOARD/vendor/laravel/framework/src/Illuminate/Pipeline/Pipeline.php(171): Illuminate\\Foundation\\Http\\Middleware\\ValidatePostSize->handle(Object(Illuminate\\Http\\Request), Object(Closure))
#49 /home/ubuntu/F-DASHBOARD/vendor/laravel/framework/src/Illuminate/Foundation/Http/Middleware/CheckForMaintenanceMode.php(62): Illuminate\\Pipeline\\Pipeline->Illuminate\\Pipeline\\{closure}(Object(Illuminate\\Http\\Request))
#50 /home/ubuntu/F-DASHBOARD/vendor/laravel/framework/src/Illuminate/Pipeline/Pipeline.php(171): Illuminate\\Foundation\\Http\\Middleware\\CheckForMaintenanceMode->handle(Object(Illuminate\\Http\\Request), Object(Closure))
#51 /home/ubuntu/F-DASHBOARD/vendor/fideloper/proxy/src/TrustProxies.php(57): Illuminate\\Pipeline\\Pipeline->Illuminate\\Pipeline\\{closure}(Object(Illuminate\\Http\\Request))
#52 /home/ubuntu/F-DASHBOARD/vendor/laravel/framework/src/Illuminate/Pipeline/Pipeline.php(171): Fideloper\\Proxy\\TrustProxies->handle(Object(Illuminate\\Http\\Request), Object(Closure))
#53 /home/ubuntu/F-DASHBOARD/vendor/laravel/framework/src/Illuminate/Pipeline/Pipeline.php(105): Illuminate\\Pipeline\\Pipeline->Illuminate\\Pipeline\\{closure}(Object(Illuminate\\Http\\Request))
#54 /home/ubuntu/F-DASHBOARD/vendor/laravel/framework/src/Illuminate/Foundation/Http/Kernel.php(151): Illuminate\\Pipeline\\Pipeline->then(Object(Closure))
#55 /home/ubuntu/F-DASHBOARD/vendor/laravel/framework/src/Illuminate/Foundation/Http/Kernel.php(116): Illuminate\\Foundation\\Http\\Kernel->sendRequestThroughRouter(Object(Illuminate\\Http\\Request))
#56 /home/ubuntu/F-DASHBOARD/public/index.php(55): Illuminate\\Foundation\\Http\\Kernel->handle(Object(Illuminate\\Http\\Request))
#57 /home/ubuntu/F-DASHBOARD/server.php(21): require_once('/home/ubuntu/F-...')
#58 {main}
"} 
[2020-01-03 01:10:04] local.ERROR: Route [Category.index] not defined. (View: /home/ubuntu/F-DASHBOARD/resources/views/dashboard/users/index.blade.php) {"userId":1,"exception":"[object] (Facade\\Ignition\\Exceptions\\ViewException(code: 0): Route [Category.index] not defined. (View: /home/ubuntu/F-DASHBOARD/resources/views/dashboard/users/index.blade.php) at /home/ubuntu/F-DASHBOARD/vendor/laravel/framework/src/Illuminate/Routing/UrlGenerator.php:420)
[stacktrace]
#0 /home/ubuntu/F-DASHBOARD/vendor/laravel/framework/src/Illuminate/Foundation/helpers.php(782): Illuminate\\Routing\\UrlGenerator->route('Category.index', Array, true)
#1 /home/ubuntu/F-DASHBOARD/resources/views/dashboard/users/index.blade.php(6): route('Category.index')
#2 /home/ubuntu/F-DASHBOARD/vendor/laravel/framework/src/Illuminate/View/Engines/PhpEngine.php(43): include('/home/ubuntu/F-...')
#3 /home/ubuntu/F-DASHBOARD/vendor/laravel/framework/src/Illuminate/View/Engines/CompilerEngine.php(59): Illuminate\\View\\Engines\\PhpEngine->evaluatePath('/home/ubuntu/F-...', Array)
#4 /home/ubuntu/F-DASHBOARD/vendor/facade/ignition/src/Views/Engines/CompilerEngine.php(36): Illuminate\\View\\Engines\\CompilerEngine->get('/home/ubuntu/F-...', Array)
#5 /home/ubuntu/F-DASHBOARD/vendor/laravel/framework/src/Illuminate/View/View.php(143): Facade\\Ignition\\Views\\Engines\\CompilerEngine->get('/home/ubuntu/F-...', Array)
#6 /home/ubuntu/F-DASHBOARD/vendor/laravel/framework/src/Illuminate/View/View.php(126): Illuminate\\View\\View->getContents()
#7 /home/ubuntu/F-DASHBOARD/vendor/laravel/framework/src/Illuminate/View/View.php(91): Illuminate\\View\\View->renderContents()
#8 /home/ubuntu/F-DASHBOARD/vendor/laravel/framework/src/Illuminate/Http/Response.php(42): Illuminate\\View\\View->render()
#9 /home/ubuntu/F-DASHBOARD/vendor/symfony/http-foundation/Response.php(202): Illuminate\\Http\\Response->setContent(Object(Illuminate\\View\\View))
#10 /home/ubuntu/F-DASHBOARD/vendor/laravel/framework/src/Illuminate/Routing/Router.php(760): Symfony\\Component\\HttpFoundation\\Response->__construct(Object(Illuminate\\View\\View))
#11 /home/ubuntu/F-DASHBOARD/vendor/laravel/framework/src/Illuminate/Routing/Router.php(732): Illuminate\\Routing\\Router::toResponse(Object(Illuminate\\Http\\Request), Object(Illuminate\\View\\View))
#12 /home/ubuntu/F-DASHBOARD/vendor/laravel/framework/src/Illuminate/Routing/Router.php(692): Illuminate\\Routing\\Router->prepareResponse(Object(Illuminate\\Http\\Request), Object(Illuminate\\View\\View))
#13 /home/ubuntu/F-DASHBOARD/vendor/laravel/framework/src/Illuminate/Pipeline/Pipeline.php(130): Illuminate\\Routing\\Router->Illuminate\\Routing\\{closure}(Object(Illuminate\\Http\\Request))
#14 /home/ubuntu/F-DASHBOARD/vendor/spatie/laravel-permission/src/Middlewares/PermissionMiddleware.php(22): Illuminate\\Pipeline\\Pipeline->Illuminate\\Pipeline\\{closure}(Object(Illuminate\\Http\\Request))
#15 /home/ubuntu/F-DASHBOARD/vendor/laravel/framework/src/Illuminate/Pipeline/Pipeline.php(171): Spatie\\Permission\\Middlewares\\PermissionMiddleware->handle(Object(Illuminate\\Http\\Request), Object(Closure), 'read')
#16 /home/ubuntu/F-DASHBOARD/vendor/mcamara/laravel-localization/src/Mcamara/LaravelLocalization/Middleware/LaravelLocalizationViewPath.php(33): Illuminate\\Pipeline\\Pipeline->Illuminate\\Pipeline\\{closure}(Object(Illuminate\\Http\\Request))
#17 /home/ubuntu/F-DASHBOARD/vendor/laravel/framework/src/Illuminate/Pipeline/Pipeline.php(171): Mcamara\\LaravelLocalization\\Middleware\\LaravelLocalizationViewPath->handle(Object(Illuminate\\Http\\Request), Object(Closure))
#18 /home/ubuntu/F-DASHBOARD/vendor/mcamara/laravel-localization/src/Mcamara/LaravelLocalization/Middleware/LaravelLocalizationRedirectFilter.php(45): Illuminate\\Pipeline\\Pipeline->Illuminate\\Pipeline\\{closure}(Object(Illuminate\\Http\\Request))
#19 /home/ubuntu/F-DASHBOARD/vendor/laravel/framework/src/Illuminate/Pipeline/Pipeline.php(171): Mcamara\\LaravelLocalization\\Middleware\\LaravelLocalizationRedirectFilter->handle(Object(Illuminate\\Http\\Request), Object(Closure))
#20 /home/ubuntu/F-DASHBOARD/vendor/mcamara/laravel-localization/src/Mcamara/LaravelLocalization/Middleware/LocaleSessionRedirect.php(32): Illuminate\\Pipeline\\Pipeline->Illuminate\\Pipeline\\{closure}(Object(Illuminate\\Http\\Request))
#21 /home/ubuntu/F-DASHBOARD/vendor/laravel/framework/src/Illuminate/Pipeline/Pipeline.php(171): Mcamara\\LaravelLocalization\\Middleware\\LocaleSessionRedirect->handle(Object(Illuminate\\Http\\Request), Object(Closure))
#22 /home/ubuntu/F-DASHBOARD/vendor/laravel/framework/src/Illuminate/Routing/Middleware/SubstituteBindings.php(41): Illuminate\\Pipeline\\Pipeline->Illuminate\\Pipeline\\{closure}(Object(Illuminate\\Http\\Request))
#23 /home/ubuntu/F-DASHBOARD/vendor/laravel/framework/src/Illuminate/Pipeline/Pipeline.php(171): Illuminate\\Routing\\Middleware\\SubstituteBindings->handle(Object(Illuminate\\Http\\Request), Object(Closure))
#24 /home/ubuntu/F-DASHBOARD/vendor/laravel/framework/src/Illuminate/Auth/Middleware/Authenticate.php(43): Illuminate\\Pipeline\\Pipeline->Illuminate\\Pipeline\\{closure}(Object(Illuminate\\Http\\Request))
#25 /home/ubuntu/F-DASHBOARD/vendor/laravel/framework/src/Illuminate/Pipeline/Pipeline.php(171): Illuminate\\Auth\\Middleware\\Authenticate->handle(Object(Illuminate\\Http\\Request), Object(Closure))
#26 /home/ubuntu/F-DASHBOARD/vendor/laravel/framework/src/Illuminate/Foundation/Http/Middleware/VerifyCsrfToken.php(76): Illuminate\\Pipeline\\Pipeline->Illuminate\\Pipeline\\{closure}(Object(Illuminate\\Http\\Request))
#27 /home/ubuntu/F-DASHBOARD/vendor/laravel/framework/src/Illuminate/Pipeline/Pipeline.php(171): Illuminate\\Foundation\\Http\\Middleware\\VerifyCsrfToken->handle(Object(Illuminate\\Http\\Request), Object(Closure))
#28 /home/ubuntu/F-DASHBOARD/vendor/laravel/framework/src/Illuminate/View/Middleware/ShareErrorsFromSession.php(49): Illuminate\\Pipeline\\Pipeline->Illuminate\\Pipeline\\{closure}(Object(Illuminate\\Http\\Request))
#29 /home/ubuntu/F-DASHBOARD/vendor/laravel/framework/src/Illuminate/Pipeline/Pipeline.php(171): Illuminate\\View\\Middleware\\ShareErrorsFromSession->handle(Object(Illuminate\\Http\\Request), Object(Closure))
#30 /home/ubuntu/F-DASHBOARD/vendor/laravel/framework/src/Illuminate/Session/Middleware/StartSession.php(56): Illuminate\\Pipeline\\Pipeline->Illuminate\\Pipeline\\{closure}(Object(Illuminate\\Http\\Request))
#31 /home/ubuntu/F-DASHBOARD/vendor/laravel/framework/src/Illuminate/Pipeline/Pipeline.php(171): Illuminate\\Session\\Middleware\\StartSession->handle(Object(Illuminate\\Http\\Request), Object(Closure))
#32 /home/ubuntu/F-DASHBOARD/vendor/laravel/framework/src/Illuminate/Cookie/Middleware/AddQueuedCookiesToResponse.php(37): Illuminate\\Pipeline\\Pipeline->Illuminate\\Pipeline\\{closure}(Object(Illuminate\\Http\\Request))
#33 /home/ubuntu/F-DASHBOARD/vendor/laravel/framework/src/Illuminate/Pipeline/Pipeline.php(171): Illuminate\\Cookie\\Middleware\\AddQueuedCookiesToResponse->handle(Object(Illuminate\\Http\\Request), Object(Closure))
#34 /home/ubuntu/F-DASHBOARD/vendor/laravel/framework/src/Illuminate/Cookie/Middleware/EncryptCookies.php(66): Illuminate\\Pipeline\\Pipeline->Illuminate\\Pipeline\\{closure}(Object(Illuminate\\Http\\Request))
#35 /home/ubuntu/F-DASHBOARD/vendor/laravel/framework/src/Illuminate/Pipeline/Pipeline.php(171): Illuminate\\Cookie\\Middleware\\EncryptCookies->handle(Object(Illuminate\\Http\\Request), Object(Closure))
#36 /home/ubuntu/F-DASHBOARD/vendor/laravel/framework/src/Illuminate/Pipeline/Pipeline.php(105): Illuminate\\Pipeline\\Pipeline->Illuminate\\Pipeline\\{closure}(Object(Illuminate\\Http\\Request))
#37 /home/ubuntu/F-DASHBOARD/vendor/laravel/framework/src/Illuminate/Routing/Router.php(694): Illuminate\\Pipeline\\Pipeline->then(Object(Closure))
#38 /home/ubuntu/F-DASHBOARD/vendor/laravel/framework/src/Illuminate/Routing/Router.php(669): Illuminate\\Routing\\Router->runRouteWithinStack(Object(Illuminate\\Routing\\Route), Object(Illuminate\\Http\\Request))
#39 /home/ubuntu/F-DASHBOARD/vendor/laravel/framework/src/Illuminate/Routing/Router.php(635): Illuminate\\Routing\\Router->runRoute(Object(Illuminate\\Http\\Request), Object(Illuminate\\Routing\\Route))
#40 /home/ubuntu/F-DASHBOARD/vendor/laravel/framework/src/Illuminate/Routing/Router.php(624): Illuminate\\Routing\\Router->dispatchToRoute(Object(Illuminate\\Http\\Request))
#41 /home/ubuntu/F-DASHBOARD/vendor/laravel/framework/src/Illuminate/Foundation/Http/Kernel.php(176): Illuminate\\Routing\\Router->dispatch(Object(Illuminate\\Http\\Request))
#42 /home/ubuntu/F-DASHBOARD/vendor/laravel/framework/src/Illuminate/Pipeline/Pipeline.php(130): Illuminate\\Foundation\\Http\\Kernel->Illuminate\\Foundation\\Http\\{closure}(Object(Illuminate\\Http\\Request))
#43 /home/ubuntu/F-DASHBOARD/vendor/laravel/framework/src/Illuminate/Foundation/Http/Middleware/TransformsRequest.php(21): Illuminate\\Pipeline\\Pipeline->Illuminate\\Pipeline\\{closure}(Object(Illuminate\\Http\\Request))
#44 /home/ubuntu/F-DASHBOARD/vendor/laravel/framework/src/Illuminate/Pipeline/Pipeline.php(171): Illuminate\\Foundation\\Http\\Middleware\\TransformsRequest->handle(Object(Illuminate\\Http\\Request), Object(Closure))
#45 /home/ubuntu/F-DASHBOARD/vendor/laravel/framework/src/Illuminate/Foundation/Http/Middleware/TransformsRequest.php(21): Illuminate\\Pipeline\\Pipeline->Illuminate\\Pipeline\\{closure}(Object(Illuminate\\Http\\Request))
#46 /home/ubuntu/F-DASHBOARD/vendor/laravel/framework/src/Illuminate/Pipeline/Pipeline.php(171): Illuminate\\Foundation\\Http\\Middleware\\TransformsRequest->handle(Object(Illuminate\\Http\\Request), Object(Closure))
#47 /home/ubuntu/F-DASHBOARD/vendor/laravel/framework/src/Illuminate/Foundation/Http/Middleware/ValidatePostSize.php(27): Illuminate\\Pipeline\\Pipeline->Illuminate\\Pipeline\\{closure}(Object(Illuminate\\Http\\Request))
#48 /home/ubuntu/F-DASHBOARD/vendor/laravel/framework/src/Illuminate/Pipeline/Pipeline.php(171): Illuminate\\Foundation\\Http\\Middleware\\ValidatePostSize->handle(Object(Illuminate\\Http\\Request), Object(Closure))
#49 /home/ubuntu/F-DASHBOARD/vendor/laravel/framework/src/Illuminate/Foundation/Http/Middleware/CheckForMaintenanceMode.php(62): Illuminate\\Pipeline\\Pipeline->Illuminate\\Pipeline\\{closure}(Object(Illuminate\\Http\\Request))
#50 /home/ubuntu/F-DASHBOARD/vendor/laravel/framework/src/Illuminate/Pipeline/Pipeline.php(171): Illuminate\\Foundation\\Http\\Middleware\\CheckForMaintenanceMode->handle(Object(Illuminate\\Http\\Request), Object(Closure))
#51 /home/ubuntu/F-DASHBOARD/vendor/fideloper/proxy/src/TrustProxies.php(57): Illuminate\\Pipeline\\Pipeline->Illuminate\\Pipeline\\{closure}(Object(Illuminate\\Http\\Request))
#52 /home/ubuntu/F-DASHBOARD/vendor/laravel/framework/src/Illuminate/Pipeline/Pipeline.php(171): Fideloper\\Proxy\\TrustProxies->handle(Object(Illuminate\\Http\\Request), Object(Closure))
#53 /home/ubuntu/F-DASHBOARD/vendor/laravel/framework/src/Illuminate/Pipeline/Pipeline.php(105): Illuminate\\Pipeline\\Pipeline->Illuminate\\Pipeline\\{closure}(Object(Illuminate\\Http\\Request))
#54 /home/ubuntu/F-DASHBOARD/vendor/laravel/framework/src/Illuminate/Foundation/Http/Kernel.php(151): Illuminate\\Pipeline\\Pipeline->then(Object(Closure))
#55 /home/ubuntu/F-DASHBOARD/vendor/laravel/framework/src/Illuminate/Foundation/Http/Kernel.php(116): Illuminate\\Foundation\\Http\\Kernel->sendRequestThroughRouter(Object(Illuminate\\Http\\Request))
#56 /home/ubuntu/F-DASHBOARD/public/index.php(55): Illuminate\\Foundation\\Http\\Kernel->handle(Object(Illuminate\\Http\\Request))
#57 /home/ubuntu/F-DASHBOARD/server.php(21): require_once('/home/ubuntu/F-...')
#58 {main}

[previous exception] [object] (Symfony\\Component\\Routing\\Exception\\RouteNotFoundException(code: 0): Route [Category.index] not defined. at /home/ubuntu/F-DASHBOARD/vendor/laravel/framework/src/Illuminate/Routing/UrlGenerator.php:420)
[stacktrace]
#0 /home/ubuntu/F-DASHBOARD/vendor/laravel/framework/src/Illuminate/Foundation/helpers.php(782): Illuminate\\Routing\\UrlGenerator->route('Category.index', Array, true)
#1 /home/ubuntu/F-DASHBOARD/storage/framework/views/67ecd19f0deec08f2d0b82c6370e50477ac50719.php(3): route('Category.index')
#2 /home/ubuntu/F-DASHBOARD/vendor/laravel/framework/src/Illuminate/View/Engines/PhpEngine.php(43): include('/home/ubuntu/F-...')
#3 /home/ubuntu/F-DASHBOARD/vendor/laravel/framework/src/Illuminate/View/Engines/CompilerEngine.php(59): Illuminate\\View\\Engines\\PhpEngine->evaluatePath('/home/ubuntu/F-...', Array)
#4 /home/ubuntu/F-DASHBOARD/vendor/facade/ignition/src/Views/Engines/CompilerEngine.php(36): Illuminate\\View\\Engines\\CompilerEngine->get('/home/ubuntu/F-...', Array)
#5 /home/ubuntu/F-DASHBOARD/vendor/laravel/framework/src/Illuminate/View/View.php(143): Facade\\Ignition\\Views\\Engines\\CompilerEngine->get('/home/ubuntu/F-...', Array)
#6 /home/ubuntu/F-DASHBOARD/vendor/laravel/framework/src/Illuminate/View/View.php(126): Illuminate\\View\\View->getContents()
#7 /home/ubuntu/F-DASHBOARD/vendor/laravel/framework/src/Illuminate/View/View.php(91): Illuminate\\View\\View->renderContents()
#8 /home/ubuntu/F-DASHBOARD/vendor/laravel/framework/src/Illuminate/Http/Response.php(42): Illuminate\\View\\View->render()
#9 /home/ubuntu/F-DASHBOARD/vendor/symfony/http-foundation/Response.php(202): Illuminate\\Http\\Response->setContent(Object(Illuminate\\View\\View))
#10 /home/ubuntu/F-DASHBOARD/vendor/laravel/framework/src/Illuminate/Routing/Router.php(760): Symfony\\Component\\HttpFoundation\\Response->__construct(Object(Illuminate\\View\\View))
#11 /home/ubuntu/F-DASHBOARD/vendor/laravel/framework/src/Illuminate/Routing/Router.php(732): Illuminate\\Routing\\Router::toResponse(Object(Illuminate\\Http\\Request), Object(Illuminate\\View\\View))
#12 /home/ubuntu/F-DASHBOARD/vendor/laravel/framework/src/Illuminate/Routing/Router.php(692): Illuminate\\Routing\\Router->prepareResponse(Object(Illuminate\\Http\\Request), Object(Illuminate\\View\\View))
#13 /home/ubuntu/F-DASHBOARD/vendor/laravel/framework/src/Illuminate/Pipeline/Pipeline.php(130): Illuminate\\Routing\\Router->Illuminate\\Routing\\{closure}(Object(Illuminate\\Http\\Request))
#14 /home/ubuntu/F-DASHBOARD/vendor/spatie/laravel-permission/src/Middlewares/PermissionMiddleware.php(22): Illuminate\\Pipeline\\Pipeline->Illuminate\\Pipeline\\{closure}(Object(Illuminate\\Http\\Request))
#15 /home/ubuntu/F-DASHBOARD/vendor/laravel/framework/src/Illuminate/Pipeline/Pipeline.php(171): Spatie\\Permission\\Middlewares\\PermissionMiddleware->handle(Object(Illuminate\\Http\\Request), Object(Closure), 'read')
#16 /home/ubuntu/F-DASHBOARD/vendor/mcamara/laravel-localization/src/Mcamara/LaravelLocalization/Middleware/LaravelLocalizationViewPath.php(33): Illuminate\\Pipeline\\Pipeline->Illuminate\\Pipeline\\{closure}(Object(Illuminate\\Http\\Request))
#17 /home/ubuntu/F-DASHBOARD/vendor/laravel/framework/src/Illuminate/Pipeline/Pipeline.php(171): Mcamara\\LaravelLocalization\\Middleware\\LaravelLocalizationViewPath->handle(Object(Illuminate\\Http\\Request), Object(Closure))
#18 /home/ubuntu/F-DASHBOARD/vendor/mcamara/laravel-localization/src/Mcamara/LaravelLocalization/Middleware/LaravelLocalizationRedirectFilter.php(45): Illuminate\\Pipeline\\Pipeline->Illuminate\\Pipeline\\{closure}(Object(Illuminate\\Http\\Request))
#19 /home/ubuntu/F-DASHBOARD/vendor/laravel/framework/src/Illuminate/Pipeline/Pipeline.php(171): Mcamara\\LaravelLocalization\\Middleware\\LaravelLocalizationRedirectFilter->handle(Object(Illuminate\\Http\\Request), Object(Closure))
#20 /home/ubuntu/F-DASHBOARD/vendor/mcamara/laravel-localization/src/Mcamara/LaravelLocalization/Middleware/LocaleSessionRedirect.php(32): Illuminate\\Pipeline\\Pipeline->Illuminate\\Pipeline\\{closure}(Object(Illuminate\\Http\\Request))
#21 /home/ubuntu/F-DASHBOARD/vendor/laravel/framework/src/Illuminate/Pipeline/Pipeline.php(171): Mcamara\\LaravelLocalization\\Middleware\\LocaleSessionRedirect->handle(Object(Illuminate\\Http\\Request), Object(Closure))
#22 /home/ubuntu/F-DASHBOARD/vendor/laravel/framework/src/Illuminate/Routing/Middleware/SubstituteBindings.php(41): Illuminate\\Pipeline\\Pipeline->Illuminate\\Pipeline\\{closure}(Object(Illuminate\\Http\\Request))
#23 /home/ubuntu/F-DASHBOARD/vendor/laravel/framework/src/Illuminate/Pipeline/Pipeline.php(171): Illuminate\\Routing\\Middleware\\SubstituteBindings->handle(Object(Illuminate\\Http\\Request), Object(Closure))
#24 /home/ubuntu/F-DASHBOARD/vendor/laravel/framework/src/Illuminate/Auth/Middleware/Authenticate.php(43): Illuminate\\Pipeline\\Pipeline->Illuminate\\Pipeline\\{closure}(Object(Illuminate\\Http\\Request))
#25 /home/ubuntu/F-DASHBOARD/vendor/laravel/framework/src/Illuminate/Pipeline/Pipeline.php(171): Illuminate\\Auth\\Middleware\\Authenticate->handle(Object(Illuminate\\Http\\Request), Object(Closure))
#26 /home/ubuntu/F-DASHBOARD/vendor/laravel/framework/src/Illuminate/Foundation/Http/Middleware/VerifyCsrfToken.php(76): Illuminate\\Pipeline\\Pipeline->Illuminate\\Pipeline\\{closure}(Object(Illuminate\\Http\\Request))
#27 /home/ubuntu/F-DASHBOARD/vendor/laravel/framework/src/Illuminate/Pipeline/Pipeline.php(171): Illuminate\\Foundation\\Http\\Middleware\\VerifyCsrfToken->handle(Object(Illuminate\\Http\\Request), Object(Closure))
#28 /home/ubuntu/F-DASHBOARD/vendor/laravel/framework/src/Illuminate/View/Middleware/ShareErrorsFromSession.php(49): Illuminate\\Pipeline\\Pipeline->Illuminate\\Pipeline\\{closure}(Object(Illuminate\\Http\\Request))
#29 /home/ubuntu/F-DASHBOARD/vendor/laravel/framework/src/Illuminate/Pipeline/Pipeline.php(171): Illuminate\\View\\Middleware\\ShareErrorsFromSession->handle(Object(Illuminate\\Http\\Request), Object(Closure))
#30 /home/ubuntu/F-DASHBOARD/vendor/laravel/framework/src/Illuminate/Session/Middleware/StartSession.php(56): Illuminate\\Pipeline\\Pipeline->Illuminate\\Pipeline\\{closure}(Object(Illuminate\\Http\\Request))
#31 /home/ubuntu/F-DASHBOARD/vendor/laravel/framework/src/Illuminate/Pipeline/Pipeline.php(171): Illuminate\\Session\\Middleware\\StartSession->handle(Object(Illuminate\\Http\\Request), Object(Closure))
#32 /home/ubuntu/F-DASHBOARD/vendor/laravel/framework/src/Illuminate/Cookie/Middleware/AddQueuedCookiesToResponse.php(37): Illuminate\\Pipeline\\Pipeline->Illuminate\\Pipeline\\{closure}(Object(Illuminate\\Http\\Request))
#33 /home/ubuntu/F-DASHBOARD/vendor/laravel/framework/src/Illuminate/Pipeline/Pipeline.php(171): Illuminate\\Cookie\\Middleware\\AddQueuedCookiesToResponse->handle(Object(Illuminate\\Http\\Request), Object(Closure))
#34 /home/ubuntu/F-DASHBOARD/vendor/laravel/framework/src/Illuminate/Cookie/Middleware/EncryptCookies.php(66): Illuminate\\Pipeline\\Pipeline->Illuminate\\Pipeline\\{closure}(Object(Illuminate\\Http\\Request))
#35 /home/ubuntu/F-DASHBOARD/vendor/laravel/framework/src/Illuminate/Pipeline/Pipeline.php(171): Illuminate\\Cookie\\Middleware\\EncryptCookies->handle(Object(Illuminate\\Http\\Request), Object(Closure))
#36 /home/ubuntu/F-DASHBOARD/vendor/laravel/framework/src/Illuminate/Pipeline/Pipeline.php(105): Illuminate\\Pipeline\\Pipeline->Illuminate\\Pipeline\\{closure}(Object(Illuminate\\Http\\Request))
#37 /home/ubuntu/F-DASHBOARD/vendor/laravel/framework/src/Illuminate/Routing/Router.php(694): Illuminate\\Pipeline\\Pipeline->then(Object(Closure))
#38 /home/ubuntu/F-DASHBOARD/vendor/laravel/framework/src/Illuminate/Routing/Router.php(669): Illuminate\\Routing\\Router->runRouteWithinStack(Object(Illuminate\\Routing\\Route), Object(Illuminate\\Http\\Request))
#39 /home/ubuntu/F-DASHBOARD/vendor/laravel/framework/src/Illuminate/Routing/Router.php(635): Illuminate\\Routing\\Router->runRoute(Object(Illuminate\\Http\\Request), Object(Illuminate\\Routing\\Route))
#40 /home/ubuntu/F-DASHBOARD/vendor/laravel/framework/src/Illuminate/Routing/Router.php(624): Illuminate\\Routing\\Router->dispatchToRoute(Object(Illuminate\\Http\\Request))
#41 /home/ubuntu/F-DASHBOARD/vendor/laravel/framework/src/Illuminate/Foundation/Http/Kernel.php(176): Illuminate\\Routing\\Router->dispatch(Object(Illuminate\\Http\\Request))
#42 /home/ubuntu/F-DASHBOARD/vendor/laravel/framework/src/Illuminate/Pipeline/Pipeline.php(130): Illuminate\\Foundation\\Http\\Kernel->Illuminate\\Foundation\\Http\\{closure}(Object(Illuminate\\Http\\Request))
#43 /home/ubuntu/F-DASHBOARD/vendor/laravel/framework/src/Illuminate/Foundation/Http/Middleware/TransformsRequest.php(21): Illuminate\\Pipeline\\Pipeline->Illuminate\\Pipeline\\{closure}(Object(Illuminate\\Http\\Request))
#44 /home/ubuntu/F-DASHBOARD/vendor/laravel/framework/src/Illuminate/Pipeline/Pipeline.php(171): Illuminate\\Foundation\\Http\\Middleware\\TransformsRequest->handle(Object(Illuminate\\Http\\Request), Object(Closure))
#45 /home/ubuntu/F-DASHBOARD/vendor/laravel/framework/src/Illuminate/Foundation/Http/Middleware/TransformsRequest.php(21): Illuminate\\Pipeline\\Pipeline->Illuminate\\Pipeline\\{closure}(Object(Illuminate\\Http\\Request))
#46 /home/ubuntu/F-DASHBOARD/vendor/laravel/framework/src/Illuminate/Pipeline/Pipeline.php(171): Illuminate\\Foundation\\Http\\Middleware\\TransformsRequest->handle(Object(Illuminate\\Http\\Request), Object(Closure))
#47 /home/ubuntu/F-DASHBOARD/vendor/laravel/framework/src/Illuminate/Foundation/Http/Middleware/ValidatePostSize.php(27): Illuminate\\Pipeline\\Pipeline->Illuminate\\Pipeline\\{closure}(Object(Illuminate\\Http\\Request))
#48 /home/ubuntu/F-DASHBOARD/vendor/laravel/framework/src/Illuminate/Pipeline/Pipeline.php(171): Illuminate\\Foundation\\Http\\Middleware\\ValidatePostSize->handle(Object(Illuminate\\Http\\Request), Object(Closure))
#49 /home/ubuntu/F-DASHBOARD/vendor/laravel/framework/src/Illuminate/Foundation/Http/Middleware/CheckForMaintenanceMode.php(62): Illuminate\\Pipeline\\Pipeline->Illuminate\\Pipeline\\{closure}(Object(Illuminate\\Http\\Request))
#50 /home/ubuntu/F-DASHBOARD/vendor/laravel/framework/src/Illuminate/Pipeline/Pipeline.php(171): Illuminate\\Foundation\\Http\\Middleware\\CheckForMaintenanceMode->handle(Object(Illuminate\\Http\\Request), Object(Closure))
#51 /home/ubuntu/F-DASHBOARD/vendor/fideloper/proxy/src/TrustProxies.php(57): Illuminate\\Pipeline\\Pipeline->Illuminate\\Pipeline\\{closure}(Object(Illuminate\\Http\\Request))
#52 /home/ubuntu/F-DASHBOARD/vendor/laravel/framework/src/Illuminate/Pipeline/Pipeline.php(171): Fideloper\\Proxy\\TrustProxies->handle(Object(Illuminate\\Http\\Request), Object(Closure))
#53 /home/ubuntu/F-DASHBOARD/vendor/laravel/framework/src/Illuminate/Pipeline/Pipeline.php(105): Illuminate\\Pipeline\\Pipeline->Illuminate\\Pipeline\\{closure}(Object(Illuminate\\Http\\Request))
#54 /home/ubuntu/F-DASHBOARD/vendor/laravel/framework/src/Illuminate/Foundation/Http/Kernel.php(151): Illuminate\\Pipeline\\Pipeline->then(Object(Closure))
#55 /home/ubuntu/F-DASHBOARD/vendor/laravel/framework/src/Illuminate/Foundation/Http/Kernel.php(116): Illuminate\\Foundation\\Http\\Kernel->sendRequestThroughRouter(Object(Illuminate\\Http\\Request))
#56 /home/ubuntu/F-DASHBOARD/public/index.php(55): Illuminate\\Foundation\\Http\\Kernel->handle(Object(Illuminate\\Http\\Request))
#57 /home/ubuntu/F-DASHBOARD/server.php(21): require_once('/home/ubuntu/F-...')
#58 {main}
"} 
