[2020-01-02 23:48:34] local.ERROR: There is no permission named `ceate_ord` for guard `web`. (View: /home/ubuntu/F-DASHBOARD/resources/views/dashboard/client/index.blade.php) {"userId":1,"exception":"[object] (Facade\\Ignition\\Exceptions\\ViewException(code: 0): There is no permission named `ceate_ord` for guard `web`. (View: /home/ubuntu/F-DASHBOARD/resources/views/dashboard/client/index.blade.php) at /home/ubuntu/F-DASHBOARD/vendor/spatie/laravel-permission/src/Exceptions/PermissionDoesNotExist.php:11)
[stacktrace]
#0 /home/ubuntu/F-DASHBOARD/vendor/spatie/laravel-permission/src/Models/Permission.php(88): Spatie\\Permission\\Exceptions\\PermissionDoesNotExist::create('ceate_ord', 'web')
#1 /home/ubuntu/F-DASHBOARD/vendor/spatie/laravel-permission/src/Traits/HasPermissions.php(126): Spatie\\Permission\\Models\\Permission::findByName('ceate_ord', 'web')
#2 /home/ubuntu/F-DASHBOARD/resources/views/dashboard/client/index.blade.php(92): App\\User->hasPermissionTo('ceate_ord')
#3 /home/ubuntu/F-DASHBOARD/vendor/laravel/framework/src/Illuminate/View/Engines/PhpEngine.php(43): include('/home/ubuntu/F-...')
#4 /home/ubuntu/F-DASHBOARD/vendor/laravel/framework/src/Illuminate/View/Engines/CompilerEngine.php(59): Illuminate\\View\\Engines\\PhpEngine->evaluatePath('/home/ubuntu/F-...', Array)
#5 /home/ubuntu/F-DASHBOARD/vendor/facade/ignition/src/Views/Engines/CompilerEngine.php(36): Illuminate\\View\\Engines\\CompilerEngine->get('/home/ubuntu/F-...', Array)
#6 /home/ubuntu/F-DASHBOARD/vendor/laravel/framework/src/Illuminate/View/View.php(143): Facade\\Ignition\\Views\\Engines\\CompilerEngine->get('/home/ubuntu/F-...', Array)
#7 /home/ubuntu/F-DASHBOARD/vendor/laravel/framework/src/Illuminate/View/View.php(126): Illuminate\\View\\View->getContents()
#8 /home/ubuntu/F-DASHBOARD/vendor/laravel/framework/src/Illuminate/View/View.php(91): Illuminate\\View\\View->renderContents()
#9 /home/ubuntu/F-DASHBOARD/vendor/laravel/framework/src/Illuminate/Http/Response.php(42): Illuminate\\View\\View->render()
#10 /home/ubuntu/F-DASHBOARD/vendor/symfony/http-foundation/Response.php(202): Illuminate\\Http\\Response->setContent(Object(Illuminate\\View\\View))
#11 /home/ubuntu/F-DASHBOARD/vendor/laravel/framework/src/Illuminate/Routing/Router.php(760): Symfony\\Component\\HttpFoundation\\Response->__construct(Object(Illuminate\\View\\View))
#12 /home/ubuntu/F-DASHBOARD/vendor/laravel/framework/src/Illuminate/Routing/Router.php(732): Illuminate\\Routing\\Router::toResponse(Object(Illuminate\\Http\\Request), Object(Illuminate\\View\\View))
#13 /home/ubuntu/F-DASHBOARD/vendor/laravel/framework/src/Illuminate/Routing/Router.php(692): Illuminate\\Routing\\Router->prepareResponse(Object(Illuminate\\Http\\Request), Object(Illuminate\\View\\View))
#14 /home/ubuntu/F-DASHBOARD/vendor/laravel/framework/src/Illuminate/Pipeline/Pipeline.php(130): Illuminate\\Routing\\Router->Illuminate\\Routing\\{closure}(Object(Illuminate\\Http\\Request))
#15 /home/ubuntu/F-DASHBOARD/vendor/spatie/laravel-permission/src/Middlewares/PermissionMiddleware.php(22): Illuminate\\Pipeline\\Pipeline->Illuminate\\Pipeline\\{closure}(Object(Illuminate\\Http\\Request))
#16 /home/ubuntu/F-DASHBOARD/vendor/laravel/framework/src/Illuminate/Pipeline/Pipeline.php(171): Spatie\\Permission\\Middlewares\\PermissionMiddleware->handle(Object(Illuminate\\Http\\Request), Object(Closure), 'read_cli')
#17 /home/ubuntu/F-DASHBOARD/vendor/mcamara/laravel-localization/src/Mcamara/LaravelLocalization/Middleware/LaravelLocalizationViewPath.php(33): Illuminate\\Pipeline\\Pipeline->Illuminate\\Pipeline\\{closure}(Object(Illuminate\\Http\\Request))
#18 /home/ubuntu/F-DASHBOARD/vendor/laravel/framework/src/Illuminate/Pipeline/Pipeline.php(171): Mcamara\\LaravelLocalization\\Middleware\\LaravelLocalizationViewPath->handle(Object(Illuminate\\Http\\Request), Object(Closure))
#19 /home/ubuntu/F-DASHBOARD/vendor/mcamara/laravel-localization/src/Mcamara/LaravelLocalization/Middleware/LaravelLocalizationRedirectFilter.php(45): Illuminate\\Pipeline\\Pipeline->Illuminate\\Pipeline\\{closure}(Object(Illuminate\\Http\\Request))
#20 /home/ubuntu/F-DASHBOARD/vendor/laravel/framework/src/Illuminate/Pipeline/Pipeline.php(171): Mcamara\\LaravelLocalization\\Middleware\\LaravelLocalizationRedirectFilter->handle(Object(Illuminate\\Http\\Request), Object(Closure))
#21 /home/ubuntu/F-DASHBOARD/vendor/mcamara/laravel-localization/src/Mcamara/LaravelLocalization/Middleware/LocaleSessionRedirect.php(32): Illuminate\\Pipeline\\Pipeline->Illuminate\\Pipeline\\{closure}(Object(Illuminate\\Http\\Request))
#22 /home/ubuntu/F-DASHBOARD/vendor/laravel/framework/src/Illuminate/Pipeline/Pipeline.php(171): Mcamara\\LaravelLocalization\\Middleware\\LocaleSessionRedirect->handle(Object(Illuminate\\Http\\Request), Object(Closure))
#23 /home/ubuntu/F-DASHBOARD/vendor/laravel/framework/src/Illuminate/Routing/Middleware/SubstituteBindings.php(41): Illuminate\\Pipeline\\Pipeline->Illuminate\\Pipeline\\{closure}(Object(Illuminate\\Http\\Request))
#24 /home/ubuntu/F-DASHBOARD/vendor/laravel/framework/src/Illuminate/Pipeline/Pipeline.php(171): Illuminate\\Routing\\Middleware\\SubstituteBindings->handle(Object(Illuminate\\Http\\Request), Object(Closure))
#25 /home/ubuntu/F-DASHBOARD/vendor/laravel/framework/src/Illuminate/Auth/Middleware/Authenticate.php(43): Illuminate\\Pipeline\\Pipeline->Illuminate\\Pipeline\\{closure}(Object(Illuminate\\Http\\Request))
#26 /home/ubuntu/F-DASHBOARD/vendor/laravel/framework/src/Illuminate/Pipeline/Pipeline.php(171): Illuminate\\Auth\\Middleware\\Authenticate->handle(Object(Illuminate\\Http\\Request), Object(Closure))
#27 /home/ubuntu/F-DASHBOARD/vendor/laravel/framework/src/Illuminate/Foundation/Http/Middleware/VerifyCsrfToken.php(76): Illuminate\\Pipeline\\Pipeline->Illuminate\\Pipeline\\{closure}(Object(Illuminate\\Http\\Request))
#28 /home/ubuntu/F-DASHBOARD/vendor/laravel/framework/src/Illuminate/Pipeline/Pipeline.php(171): Illuminate\\Foundation\\Http\\Middleware\\VerifyCsrfToken->handle(Object(Illuminate\\Http\\Request), Object(Closure))
#29 /home/ubuntu/F-DASHBOARD/vendor/laravel/framework/src/Illuminate/View/Middleware/ShareErrorsFromSession.php(49): Illuminate\\Pipeline\\Pipeline->Illuminate\\Pipeline\\{closure}(Object(Illuminate\\Http\\Request))
#30 /home/ubuntu/F-DASHBOARD/vendor/laravel/framework/src/Illuminate/Pipeline/Pipeline.php(171): Illuminate\\View\\Middleware\\ShareErrorsFromSession->handle(Object(Illuminate\\Http\\Request), Object(Closure))
#31 /home/ubuntu/F-DASHBOARD/vendor/laravel/framework/src/Illuminate/Session/Middleware/StartSession.php(56): Illuminate\\Pipeline\\Pipeline->Illuminate\\Pipeline\\{closure}(Object(Illuminate\\Http\\Request))
#32 /home/ubuntu/F-DASHBOARD/vendor/laravel/framework/src/Illuminate/Pipeline/Pipeline.php(171): Illuminate\\Session\\Middleware\\StartSession->handle(Object(Illuminate\\Http\\Request), Object(Closure))
#33 /home/ubuntu/F-DASHBOARD/vendor/laravel/framework/src/Illuminate/Cookie/Middleware/AddQueuedCookiesToResponse.php(37): Illuminate\\Pipeline\\Pipeline->Illuminate\\Pipeline\\{closure}(Object(Illuminate\\Http\\Request))
#34 /home/ubuntu/F-DASHBOARD/vendor/laravel/framework/src/Illuminate/Pipeline/Pipeline.php(171): Illuminate\\Cookie\\Middleware\\AddQueuedCookiesToResponse->handle(Object(Illuminate\\Http\\Request), Object(Closure))
#35 /home/ubuntu/F-DASHBOARD/vendor/laravel/framework/src/Illuminate/Cookie/Middleware/EncryptCookies.php(66): Illuminate\\Pipeline\\Pipeline->Illuminate\\Pipeline\\{closure}(Object(Illuminate\\Http\\Request))
#36 /home/ubuntu/F-DASHBOARD/vendor/laravel/framework/src/Illuminate/Pipeline/Pipeline.php(171): Illuminate\\Cookie\\Middleware\\EncryptCookies->handle(Object(Illuminate\\Http\\Request), Object(Closure))
#37 /home/ubuntu/F-DASHBOARD/vendor/laravel/framework/src/Illuminate/Pipeline/Pipeline.php(105): Illuminate\\Pipeline\\Pipeline->Illuminate\\Pipeline\\{closure}(Object(Illuminate\\Http\\Request))
#38 /home/ubuntu/F-DASHBOARD/vendor/laravel/framework/src/Illuminate/Routing/Router.php(694): Illuminate\\Pipeline\\Pipeline->then(Object(Closure))
#39 /home/ubuntu/F-DASHBOARD/vendor/laravel/framework/src/Illuminate/Routing/Router.php(669): Illuminate\\Routing\\Router->runRouteWithinStack(Object(Illuminate\\Routing\\Route), Object(Illuminate\\Http\\Request))
#40 /home/ubuntu/F-DASHBOARD/vendor/laravel/framework/src/Illuminate/Routing/Router.php(635): Illuminate\\Routing\\Router->runRoute(Object(Illuminate\\Http\\Request), Object(Illuminate\\Routing\\Route))
#41 /home/ubuntu/F-DASHBOARD/vendor/laravel/framework/src/Illuminate/Routing/Router.php(624): Illuminate\\Routing\\Router->dispatchToRoute(Object(Illuminate\\Http\\Request))
#42 /home/ubuntu/F-DASHBOARD/vendor/laravel/framework/src/Illuminate/Foundation/Http/Kernel.php(176): Illuminate\\Routing\\Router->dispatch(Object(Illuminate\\Http\\Request))
#43 /home/ubuntu/F-DASHBOARD/vendor/laravel/framework/src/Illuminate/Pipeline/Pipeline.php(130): Illuminate\\Foundation\\Http\\Kernel->Illuminate\\Foundation\\Http\\{closure}(Object(Illuminate\\Http\\Request))
#44 /home/ubuntu/F-DASHBOARD/vendor/laravel/framework/src/Illuminate/Foundation/Http/Middleware/TransformsRequest.php(21): Illuminate\\Pipeline\\Pipeline->Illuminate\\Pipeline\\{closure}(Object(Illuminate\\Http\\Request))
#45 /home/ubuntu/F-DASHBOARD/vendor/laravel/framework/src/Illuminate/Pipeline/Pipeline.php(171): Illuminate\\Foundation\\Http\\Middleware\\TransformsRequest->handle(Object(Illuminate\\Http\\Request), Object(Closure))
#46 /home/ubuntu/F-DASHBOARD/vendor/laravel/framework/src/Illuminate/Foundation/Http/Middleware/TransformsRequest.php(21): Illuminate\\Pipeline\\Pipeline->Illuminate\\Pipeline\\{closure}(Object(Illuminate\\Http\\Request))
#47 /home/ubuntu/F-DASHBOARD/vendor/laravel/framework/src/Illuminate/Pipeline/Pipeline.php(171): Illuminate\\Foundation\\Http\\Middleware\\TransformsRequest->handle(Object(Illuminate\\Http\\Request), Object(Closure))
#48 /home/ubuntu/F-DASHBOARD/vendor/laravel/framework/src/Illuminate/Foundation/Http/Middleware/ValidatePostSize.php(27): Illuminate\\Pipeline\\Pipeline->Illuminate\\Pipeline\\{closure}(Object(Illuminate\\Http\\Request))
#49 /home/ubuntu/F-DASHBOARD/vendor/laravel/framework/src/Illuminate/Pipeline/Pipeline.php(171): Illuminate\\Foundation\\Http\\Middleware\\ValidatePostSize->handle(Object(Illuminate\\Http\\Request), Object(Closure))
#50 /home/ubuntu/F-DASHBOARD/vendor/laravel/framework/src/Illuminate/Foundation/Http/Middleware/CheckForMaintenanceMode.php(62): Illuminate\\Pipeline\\Pipeline->Illuminate\\Pipeline\\{closure}(Object(Illuminate\\Http\\Request))
#51 /home/ubuntu/F-DASHBOARD/vendor/laravel/framework/src/Illuminate/Pipeline/Pipeline.php(171): Illuminate\\Foundation\\Http\\Middleware\\CheckForMaintenanceMode->handle(Object(Illuminate\\Http\\Request), Object(Closure))
#52 /home/ubuntu/F-DASHBOARD/vendor/fideloper/proxy/src/TrustProxies.php(57): Illuminate\\Pipeline\\Pipeline->Illuminate\\Pipeline\\{closure}(Object(Illuminate\\Http\\Request))
#53 /home/ubuntu/F-DASHBOARD/vendor/laravel/framework/src/Illuminate/Pipeline/Pipeline.php(171): Fideloper\\Proxy\\TrustProxies->handle(Object(Illuminate\\Http\\Request), Object(Closure))
#54 /home/ubuntu/F-DASHBOARD/vendor/laravel/framework/src/Illuminate/Pipeline/Pipeline.php(105): Illuminate\\Pipeline\\Pipeline->Illuminate\\Pipeline\\{closure}(Object(Illuminate\\Http\\Request))
#55 /home/ubuntu/F-DASHBOARD/vendor/laravel/framework/src/Illuminate/Foundation/Http/Kernel.php(151): Illuminate\\Pipeline\\Pipeline->then(Object(Closure))
#56 /home/ubuntu/F-DASHBOARD/vendor/laravel/framework/src/Illuminate/Foundation/Http/Kernel.php(116): Illuminate\\Foundation\\Http\\Kernel->sendRequestThroughRouter(Object(Illuminate\\Http\\Request))
#57 /home/ubuntu/F-DASHBOARD/public/index.php(55): Illuminate\\Foundation\\Http\\Kernel->handle(Object(Illuminate\\Http\\Request))
#58 /home/ubuntu/F-DASHBOARD/server.php(21): require_once('/home/ubuntu/F-...')
#59 {main}

[previous exception] [object] (Spatie\\Permission\\Exceptions\\PermissionDoesNotExist(code: 0): There is no permission named `ceate_ord` for guard `web`. at /home/ubuntu/F-DASHBOARD/vendor/spatie/laravel-permission/src/Exceptions/PermissionDoesNotExist.php:11)
[stacktrace]
#0 /home/ubuntu/F-DASHBOARD/vendor/spatie/laravel-permission/src/Models/Permission.php(88): Spatie\\Permission\\Exceptions\\PermissionDoesNotExist::create('ceate_ord', 'web')
#1 /home/ubuntu/F-DASHBOARD/vendor/spatie/laravel-permission/src/Traits/HasPermissions.php(126): Spatie\\Permission\\Models\\Permission::findByName('ceate_ord', 'web')
#2 /home/ubuntu/F-DASHBOARD/storage/framework/views/5d2315d6ea5621e03e4716af1514710c0d1bf12e.php(90): App\\User->hasPermissionTo('ceate_ord')
#3 /home/ubuntu/F-DASHBOARD/vendor/laravel/framework/src/Illuminate/View/Engines/PhpEngine.php(43): include('/home/ubuntu/F-...')
#4 /home/ubuntu/F-DASHBOARD/vendor/laravel/framework/src/Illuminate/View/Engines/CompilerEngine.php(59): Illuminate\\View\\Engines\\PhpEngine->evaluatePath('/home/ubuntu/F-...', Array)
#5 /home/ubuntu/F-DASHBOARD/vendor/facade/ignition/src/Views/Engines/CompilerEngine.php(36): Illuminate\\View\\Engines\\CompilerEngine->get('/home/ubuntu/F-...', Array)
#6 /home/ubuntu/F-DASHBOARD/vendor/laravel/framework/src/Illuminate/View/View.php(143): Facade\\Ignition\\Views\\Engines\\CompilerEngine->get('/home/ubuntu/F-...', Array)
#7 /home/ubuntu/F-DASHBOARD/vendor/laravel/framework/src/Illuminate/View/View.php(126): Illuminate\\View\\View->getContents()
#8 /home/ubuntu/F-DASHBOARD/vendor/laravel/framework/src/Illuminate/View/View.php(91): Illuminate\\View\\View->renderContents()
#9 /home/ubuntu/F-DASHBOARD/vendor/laravel/framework/src/Illuminate/Http/Response.php(42): Illuminate\\View\\View->render()
#10 /home/ubuntu/F-DASHBOARD/vendor/symfony/http-foundation/Response.php(202): Illuminate\\Http\\Response->setContent(Object(Illuminate\\View\\View))
#11 /home/ubuntu/F-DASHBOARD/vendor/laravel/framework/src/Illuminate/Routing/Router.php(760): Symfony\\Component\\HttpFoundation\\Response->__construct(Object(Illuminate\\View\\View))
#12 /home/ubuntu/F-DASHBOARD/vendor/laravel/framework/src/Illuminate/Routing/Router.php(732): Illuminate\\Routing\\Router::toResponse(Object(Illuminate\\Http\\Request), Object(Illuminate\\View\\View))
#13 /home/ubuntu/F-DASHBOARD/vendor/laravel/framework/src/Illuminate/Routing/Router.php(692): Illuminate\\Routing\\Router->prepareResponse(Object(Illuminate\\Http\\Request), Object(Illuminate\\View\\View))
#14 /home/ubuntu/F-DASHBOARD/vendor/laravel/framework/src/Illuminate/Pipeline/Pipeline.php(130): Illuminate\\Routing\\Router->Illuminate\\Routing\\{closure}(Object(Illuminate\\Http\\Request))
#15 /home/ubuntu/F-DASHBOARD/vendor/spatie/laravel-permission/src/Middlewares/PermissionMiddleware.php(22): Illuminate\\Pipeline\\Pipeline->Illuminate\\Pipeline\\{closure}(Object(Illuminate\\Http\\Request))
#16 /home/ubuntu/F-DASHBOARD/vendor/laravel/framework/src/Illuminate/Pipeline/Pipeline.php(171): Spatie\\Permission\\Middlewares\\PermissionMiddleware->handle(Object(Illuminate\\Http\\Request), Object(Closure), 'read_cli')
#17 /home/ubuntu/F-DASHBOARD/vendor/mcamara/laravel-localization/src/Mcamara/LaravelLocalization/Middleware/LaravelLocalizationViewPath.php(33): Illuminate\\Pipeline\\Pipeline->Illuminate\\Pipeline\\{closure}(Object(Illuminate\\Http\\Request))
#18 /home/ubuntu/F-DASHBOARD/vendor/laravel/framework/src/Illuminate/Pipeline/Pipeline.php(171): Mcamara\\LaravelLocalization\\Middleware\\LaravelLocalizationViewPath->handle(Object(Illuminate\\Http\\Request), Object(Closure))
#19 /home/ubuntu/F-DASHBOARD/vendor/mcamara/laravel-localization/src/Mcamara/LaravelLocalization/Middleware/LaravelLocalizationRedirectFilter.php(45): Illuminate\\Pipeline\\Pipeline->Illuminate\\Pipeline\\{closure}(Object(Illuminate\\Http\\Request))
#20 /home/ubuntu/F-DASHBOARD/vendor/laravel/framework/src/Illuminate/Pipeline/Pipeline.php(171): Mcamara\\LaravelLocalization\\Middleware\\LaravelLocalizationRedirectFilter->handle(Object(Illuminate\\Http\\Request), Object(Closure))
#21 /home/ubuntu/F-DASHBOARD/vendor/mcamara/laravel-localization/src/Mcamara/LaravelLocalization/Middleware/LocaleSessionRedirect.php(32): Illuminate\\Pipeline\\Pipeline->Illuminate\\Pipeline\\{closure}(Object(Illuminate\\Http\\Request))
#22 /home/ubuntu/F-DASHBOARD/vendor/laravel/framework/src/Illuminate/Pipeline/Pipeline.php(171): Mcamara\\LaravelLocalization\\Middleware\\LocaleSessionRedirect->handle(Object(Illuminate\\Http\\Request), Object(Closure))
#23 /home/ubuntu/F-DASHBOARD/vendor/laravel/framework/src/Illuminate/Routing/Middleware/SubstituteBindings.php(41): Illuminate\\Pipeline\\Pipeline->Illuminate\\Pipeline\\{closure}(Object(Illuminate\\Http\\Request))
#24 /home/ubuntu/F-DASHBOARD/vendor/laravel/framework/src/Illuminate/Pipeline/Pipeline.php(171): Illuminate\\Routing\\Middleware\\SubstituteBindings->handle(Object(Illuminate\\Http\\Request), Object(Closure))
#25 /home/ubuntu/F-DASHBOARD/vendor/laravel/framework/src/Illuminate/Auth/Middleware/Authenticate.php(43): Illuminate\\Pipeline\\Pipeline->Illuminate\\Pipeline\\{closure}(Object(Illuminate\\Http\\Request))
#26 /home/ubuntu/F-DASHBOARD/vendor/laravel/framework/src/Illuminate/Pipeline/Pipeline.php(171): Illuminate\\Auth\\Middleware\\Authenticate->handle(Object(Illuminate\\Http\\Request), Object(Closure))
#27 /home/ubuntu/F-DASHBOARD/vendor/laravel/framework/src/Illuminate/Foundation/Http/Middleware/VerifyCsrfToken.php(76): Illuminate\\Pipeline\\Pipeline->Illuminate\\Pipeline\\{closure}(Object(Illuminate\\Http\\Request))
#28 /home/ubuntu/F-DASHBOARD/vendor/laravel/framework/src/Illuminate/Pipeline/Pipeline.php(171): Illuminate\\Foundation\\Http\\Middleware\\VerifyCsrfToken->handle(Object(Illuminate\\Http\\Request), Object(Closure))
#29 /home/ubuntu/F-DASHBOARD/vendor/laravel/framework/src/Illuminate/View/Middleware/ShareErrorsFromSession.php(49): Illuminate\\Pipeline\\Pipeline->Illuminate\\Pipeline\\{closure}(Object(Illuminate\\Http\\Request))
#30 /home/ubuntu/F-DASHBOARD/vendor/laravel/framework/src/Illuminate/Pipeline/Pipeline.php(171): Illuminate\\View\\Middleware\\ShareErrorsFromSession->handle(Object(Illuminate\\Http\\Request), Object(Closure))
#31 /home/ubuntu/F-DASHBOARD/vendor/laravel/framework/src/Illuminate/Session/Middleware/StartSession.php(56): Illuminate\\Pipeline\\Pipeline->Illuminate\\Pipeline\\{closure}(Object(Illuminate\\Http\\Request))
#32 /home/ubuntu/F-DASHBOARD/vendor/laravel/framework/src/Illuminate/Pipeline/Pipeline.php(171): Illuminate\\Session\\Middleware\\StartSession->handle(Object(Illuminate\\Http\\Request), Object(Closure))
#33 /home/ubuntu/F-DASHBOARD/vendor/laravel/framework/src/Illuminate/Cookie/Middleware/AddQueuedCookiesToResponse.php(37): Illuminate\\Pipeline\\Pipeline->Illuminate\\Pipeline\\{closure}(Object(Illuminate\\Http\\Request))
#34 /home/ubuntu/F-DASHBOARD/vendor/laravel/framework/src/Illuminate/Pipeline/Pipeline.php(171): Illuminate\\Cookie\\Middleware\\AddQueuedCookiesToResponse->handle(Object(Illuminate\\Http\\Request), Object(Closure))
#35 /home/ubuntu/F-DASHBOARD/vendor/laravel/framework/src/Illuminate/Cookie/Middleware/EncryptCookies.php(66): Illuminate\\Pipeline\\Pipeline->Illuminate\\Pipeline\\{closure}(Object(Illuminate\\Http\\Request))
#36 /home/ubuntu/F-DASHBOARD/vendor/laravel/framework/src/Illuminate/Pipeline/Pipeline.php(171): Illuminate\\Cookie\\Middleware\\EncryptCookies->handle(Object(Illuminate\\Http\\Request), Object(Closure))
#37 /home/ubuntu/F-DASHBOARD/vendor/laravel/framework/src/Illuminate/Pipeline/Pipeline.php(105): Illuminate\\Pipeline\\Pipeline->Illuminate\\Pipeline\\{closure}(Object(Illuminate\\Http\\Request))
#38 /home/ubuntu/F-DASHBOARD/vendor/laravel/framework/src/Illuminate/Routing/Router.php(694): Illuminate\\Pipeline\\Pipeline->then(Object(Closure))
#39 /home/ubuntu/F-DASHBOARD/vendor/laravel/framework/src/Illuminate/Routing/Router.php(669): Illuminate\\Routing\\Router->runRouteWithinStack(Object(Illuminate\\Routing\\Route), Object(Illuminate\\Http\\Request))
#40 /home/ubuntu/F-DASHBOARD/vendor/laravel/framework/src/Illuminate/Routing/Router.php(635): Illuminate\\Routing\\Router->runRoute(Object(Illuminate\\Http\\Request), Object(Illuminate\\Routing\\Route))
#41 /home/ubuntu/F-DASHBOARD/vendor/laravel/framework/src/Illuminate/Routing/Router.php(624): Illuminate\\Routing\\Router->dispatchToRoute(Object(Illuminate\\Http\\Request))
#42 /home/ubuntu/F-DASHBOARD/vendor/laravel/framework/src/Illuminate/Foundation/Http/Kernel.php(176): Illuminate\\Routing\\Router->dispatch(Object(Illuminate\\Http\\Request))
#43 /home/ubuntu/F-DASHBOARD/vendor/laravel/framework/src/Illuminate/Pipeline/Pipeline.php(130): Illuminate\\Foundation\\Http\\Kernel->Illuminate\\Foundation\\Http\\{closure}(Object(Illuminate\\Http\\Request))
#44 /home/ubuntu/F-DASHBOARD/vendor/laravel/framework/src/Illuminate/Foundation/Http/Middleware/TransformsRequest.php(21): Illuminate\\Pipeline\\Pipeline->Illuminate\\Pipeline\\{closure}(Object(Illuminate\\Http\\Request))
#45 /home/ubuntu/F-DASHBOARD/vendor/laravel/framework/src/Illuminate/Pipeline/Pipeline.php(171): Illuminate\\Foundation\\Http\\Middleware\\TransformsRequest->handle(Object(Illuminate\\Http\\Request), Object(Closure))
#46 /home/ubuntu/F-DASHBOARD/vendor/laravel/framework/src/Illuminate/Foundation/Http/Middleware/TransformsRequest.php(21): Illuminate\\Pipeline\\Pipeline->Illuminate\\Pipeline\\{closure}(Object(Illuminate\\Http\\Request))
#47 /home/ubuntu/F-DASHBOARD/vendor/laravel/framework/src/Illuminate/Pipeline/Pipeline.php(171): Illuminate\\Foundation\\Http\\Middleware\\TransformsRequest->handle(Object(Illuminate\\Http\\Request), Object(Closure))
#48 /home/ubuntu/F-DASHBOARD/vendor/laravel/framework/src/Illuminate/Foundation/Http/Middleware/ValidatePostSize.php(27): Illuminate\\Pipeline\\Pipeline->Illuminate\\Pipeline\\{closure}(Object(Illuminate\\Http\\Request))
#49 /home/ubuntu/F-DASHBOARD/vendor/laravel/framework/src/Illuminate/Pipeline/Pipeline.php(171): Illuminate\\Foundation\\Http\\Middleware\\ValidatePostSize->handle(Object(Illuminate\\Http\\Request), Object(Closure))
#50 /home/ubuntu/F-DASHBOARD/vendor/laravel/framework/src/Illuminate/Foundation/Http/Middleware/CheckForMaintenanceMode.php(62): Illuminate\\Pipeline\\Pipeline->Illuminate\\Pipeline\\{closure}(Object(Illuminate\\Http\\Request))
#51 /home/ubuntu/F-DASHBOARD/vendor/laravel/framework/src/Illuminate/Pipeline/Pipeline.php(171): Illuminate\\Foundation\\Http\\Middleware\\CheckForMaintenanceMode->handle(Object(Illuminate\\Http\\Request), Object(Closure))
#52 /home/ubuntu/F-DASHBOARD/vendor/fideloper/proxy/src/TrustProxies.php(57): Illuminate\\Pipeline\\Pipeline->Illuminate\\Pipeline\\{closure}(Object(Illuminate\\Http\\Request))
#53 /home/ubuntu/F-DASHBOARD/vendor/laravel/framework/src/Illuminate/Pipeline/Pipeline.php(171): Fideloper\\Proxy\\TrustProxies->handle(Object(Illuminate\\Http\\Request), Object(Closure))
#54 /home/ubuntu/F-DASHBOARD/vendor/laravel/framework/src/Illuminate/Pipeline/Pipeline.php(105): Illuminate\\Pipeline\\Pipeline->Illuminate\\Pipeline\\{closure}(Object(Illuminate\\Http\\Request))
#55 /home/ubuntu/F-DASHBOARD/vendor/laravel/framework/src/Illuminate/Foundation/Http/Kernel.php(151): Illuminate\\Pipeline\\Pipeline->then(Object(Closure))
#56 /home/ubuntu/F-DASHBOARD/vendor/laravel/framework/src/Illuminate/Foundation/Http/Kernel.php(116): Illuminate\\Foundation\\Http\\Kernel->sendRequestThroughRouter(Object(Illuminate\\Http\\Request))
#57 /home/ubuntu/F-DASHBOARD/public/index.php(55): Illuminate\\Foundation\\Http\\Kernel->handle(Object(Illuminate\\Http\\Request))
#58 /home/ubuntu/F-DASHBOARD/server.php(21): require_once('/home/ubuntu/F-...')
#59 {main}
"} 
[2020-01-02 23:52:41] local.ERROR: Array to string conversion {"exception":"[object] (ErrorException(code: 0): Array to string conversion at /home/ubuntu/F-DASHBOARD/vendor/laravel/framework/src/Illuminate/Routing/ResourceRegistrar.php:162)
[stacktrace]
#0 [internal function]: Illuminate\\Foundation\\Bootstrap\\HandleExceptions->handleError(8, 'Array to string...', '/home/ubuntu/F-...', 162, Array)
#1 /home/ubuntu/F-DASHBOARD/vendor/laravel/framework/src/Illuminate/Routing/ResourceRegistrar.php(162): array_diff(Array, Array)
#2 /home/ubuntu/F-DASHBOARD/vendor/laravel/framework/src/Illuminate/Routing/ResourceRegistrar.php(97): Illuminate\\Routing\\ResourceRegistrar->getResourceMethods(Array, Array)
#3 /home/ubuntu/F-DASHBOARD/vendor/laravel/framework/src/Illuminate/Routing/PendingResourceRegistration.php(166): Illuminate\\Routing\\ResourceRegistrar->register('order', 'Client\\\\OrderCon...', Array)
#4 /home/ubuntu/F-DASHBOARD/vendor/laravel/framework/src/Illuminate/Routing/PendingResourceRegistration.php(178): Illuminate\\Routing\\PendingResourceRegistration->register()
#5 /home/ubuntu/F-DASHBOARD/vendor/laravel/framework/src/Illuminate/Routing/Router.php(332): Illuminate\\Routing\\PendingResourceRegistration->__destruct()
#6 /home/ubuntu/F-DASHBOARD/vendor/laravel/framework/src/Illuminate/Routing/ResourceRegistrar.php(122): Illuminate\\Routing\\Router->resource('order', 'Client\\\\OrderCon...', Array)
#7 /home/ubuntu/F-DASHBOARD/vendor/laravel/framework/src/Illuminate/Routing/Router.php(425): Illuminate\\Routing\\ResourceRegistrar->Illuminate\\Routing\\{closure}(Object(Illuminate\\Routing\\Router))
#8 /home/ubuntu/F-DASHBOARD/vendor/laravel/framework/src/Illuminate/Routing/Router.php(385): Illuminate\\Routing\\Router->loadRoutes(Object(Closure))
#9 /home/ubuntu/F-DASHBOARD/vendor/laravel/framework/src/Illuminate/Routing/ResourceRegistrar.php(125): Illuminate\\Routing\\Router->group(Array, Object(Closure))
#10 /home/ubuntu/F-DASHBOARD/vendor/laravel/framework/src/Illuminate/Routing/ResourceRegistrar.php(83): Illuminate\\Routing\\ResourceRegistrar->prefixedResource('order', 'Client\\\\OrderCon...', Array)
#11 /home/ubuntu/F-DASHBOARD/vendor/laravel/framework/src/Illuminate/Routing/PendingResourceRegistration.php(166): Illuminate\\Routing\\ResourceRegistrar->register('/client/order', 'Client\\\\OrderCon...', Array)
#12 /home/ubuntu/F-DASHBOARD/vendor/laravel/framework/src/Illuminate/Routing/PendingResourceRegistration.php(178): Illuminate\\Routing\\PendingResourceRegistration->register()
#13 /home/ubuntu/F-DASHBOARD/routes/dashboard/web.php(39): Illuminate\\Routing\\PendingResourceRegistration->__destruct()
#14 /home/ubuntu/F-DASHBOARD/vendor/laravel/framework/src/Illuminate/Routing/Router.php(425): Illuminate\\Routing\\RouteFileRegistrar->{closure}(Object(Illuminate\\Routing\\Router))
#15 /home/ubuntu/F-DASHBOARD/vendor/laravel/framework/src/Illuminate/Routing/Router.php(385): Illuminate\\Routing\\Router->loadRoutes(Object(Closure))
#16 /home/ubuntu/F-DASHBOARD/vendor/laravel/framework/src/Illuminate/Routing/RouteRegistrar.php(121): Illuminate\\Routing\\Router->group(Array, Object(Closure))
#17 /home/ubuntu/F-DASHBOARD/routes/dashboard/web.php(48): Illuminate\\Routing\\RouteRegistrar->group(Object(Closure))
#18 /home/ubuntu/F-DASHBOARD/vendor/laravel/framework/src/Illuminate/Routing/Router.php(425): Illuminate\\Routing\\RouteFileRegistrar->{closure}(Object(Illuminate\\Routing\\Router))
#19 /home/ubuntu/F-DASHBOARD/vendor/laravel/framework/src/Illuminate/Routing/Router.php(385): Illuminate\\Routing\\Router->loadRoutes(Object(Closure))
#20 /home/ubuntu/F-DASHBOARD/vendor/laravel/framework/src/Illuminate/Support/Facades/Facade.php(245): Illuminate\\Routing\\Router->group(Array, Object(Closure))
#21 /home/ubuntu/F-DASHBOARD/routes/dashboard/web.php(51): Illuminate\\Support\\Facades\\Facade::__callStatic('group', Array)
#22 /home/ubuntu/F-DASHBOARD/vendor/laravel/framework/src/Illuminate/Routing/RouteFileRegistrar.php(35): require('/home/ubuntu/F-...')
#23 /home/ubuntu/F-DASHBOARD/vendor/laravel/framework/src/Illuminate/Routing/Router.php(427): Illuminate\\Routing\\RouteFileRegistrar->register('/home/ubuntu/F-...')
#24 /home/ubuntu/F-DASHBOARD/vendor/laravel/framework/src/Illuminate/Routing/Router.php(385): Illuminate\\Routing\\Router->loadRoutes('/home/ubuntu/F-...')
#25 /home/ubuntu/F-DASHBOARD/vendor/laravel/framework/src/Illuminate/Routing/RouteRegistrar.php(121): Illuminate\\Routing\\Router->group(Array, '/home/ubuntu/F-...')
#26 /home/ubuntu/F-DASHBOARD/app/Providers/RouteServiceProvider.php(69): Illuminate\\Routing\\RouteRegistrar->group('/home/ubuntu/F-...')
#27 /home/ubuntu/F-DASHBOARD/app/Providers/RouteServiceProvider.php(44): App\\Providers\\RouteServiceProvider->mapDashboardRoutes()
#28 [internal function]: App\\Providers\\RouteServiceProvider->map()
#29 /home/ubuntu/F-DASHBOARD/vendor/laravel/framework/src/Illuminate/Container/BoundMethod.php(32): call_user_func_array(Array, Array)
#30 /home/ubuntu/F-DASHBOARD/vendor/laravel/framework/src/Illuminate/Container/Util.php(34): Illuminate\\Container\\BoundMethod::Illuminate\\Container\\{closure}()
#31 /home/ubuntu/F-DASHBOARD/vendor/laravel/framework/src/Illuminate/Container/BoundMethod.php(90): Illuminate\\Container\\Util::unwrapIfClosure(Object(Closure))
#32 /home/ubuntu/F-DASHBOARD/vendor/laravel/framework/src/Illuminate/Container/BoundMethod.php(34): Illuminate\\Container\\BoundMethod::callBoundMethod(Object(Illuminate\\Foundation\\Application), Array, Object(Closure))
#33 /home/ubuntu/F-DASHBOARD/vendor/laravel/framework/src/Illuminate/Container/Container.php(590): Illuminate\\Container\\BoundMethod::call(Object(Illuminate\\Foundation\\Application), Array, Array, NULL)
#34 /home/ubuntu/F-DASHBOARD/vendor/laravel/framework/src/Illuminate/Foundation/Support/Providers/RouteServiceProvider.php(87): Illuminate\\Container\\Container->call(Array)
#35 /home/ubuntu/F-DASHBOARD/vendor/laravel/framework/src/Illuminate/Foundation/Support/Providers/RouteServiceProvider.php(36): Illuminate\\Foundation\\Support\\Providers\\RouteServiceProvider->loadRoutes()
#36 /home/ubuntu/F-DASHBOARD/app/Providers/RouteServiceProvider.php(30): Illuminate\\Foundation\\Support\\Providers\\RouteServiceProvider->boot()
#37 [internal function]: App\\Providers\\RouteServiceProvider->boot()
#38 /home/ubuntu/F-DASHBOARD/vendor/laravel/framework/src/Illuminate/Container/BoundMethod.php(32): call_user_func_array(Array, Array)
#39 /home/ubuntu/F-DASHBOARD/vendor/laravel/framework/src/Illuminate/Container/Util.php(34): Illuminate\\Container\\BoundMethod::Illuminate\\Container\\{closure}()
#40 /home/ubuntu/F-DASHBOARD/vendor/laravel/framework/src/Illuminate/Container/BoundMethod.php(90): Illuminate\\Container\\Util::unwrapIfClosure(Object(Closure))
#41 /home/ubuntu/F-DASHBOARD/vendor/laravel/framework/src/Illuminate/Container/BoundMethod.php(34): Illuminate\\Container\\BoundMethod::callBoundMethod(Object(Illuminate\\Foundation\\Application), Array, Object(Closure))
#42 /home/ubuntu/F-DASHBOARD/vendor/laravel/framework/src/Illuminate/Container/Container.php(590): Illuminate\\Container\\BoundMethod::call(Object(Illuminate\\Foundation\\Application), Array, Array, NULL)
#43 /home/ubuntu/F-DASHBOARD/vendor/laravel/framework/src/Illuminate/Foundation/Application.php(828): Illuminate\\Container\\Container->call(Array)
#44 /home/ubuntu/F-DASHBOARD/vendor/laravel/framework/src/Illuminate/Foundation/Application.php(811): Illuminate\\Foundation\\Application->bootProvider(Object(App\\Providers\\RouteServiceProvider))
#45 [internal function]: Illuminate\\Foundation\\Application->Illuminate\\Foundation\\{closure}(Object(App\\Providers\\RouteServiceProvider), 25)
#46 /home/ubuntu/F-DASHBOARD/vendor/laravel/framework/src/Illuminate/Foundation/Application.php(812): array_walk(Array, Object(Closure))
#47 /home/ubuntu/F-DASHBOARD/vendor/laravel/framework/src/Illuminate/Foundation/Bootstrap/BootProviders.php(17): Illuminate\\Foundation\\Application->boot()
#48 /home/ubuntu/F-DASHBOARD/vendor/laravel/framework/src/Illuminate/Foundation/Application.php(211): Illuminate\\Foundation\\Bootstrap\\BootProviders->bootstrap(Object(Illuminate\\Foundation\\Application))
#49 /home/ubuntu/F-DASHBOARD/vendor/laravel/framework/src/Illuminate/Foundation/Http/Kernel.php(162): Illuminate\\Foundation\\Application->bootstrapWith(Array)
#50 /home/ubuntu/F-DASHBOARD/vendor/laravel/framework/src/Illuminate/Foundation/Http/Kernel.php(146): Illuminate\\Foundation\\Http\\Kernel->bootstrap()
#51 /home/ubuntu/F-DASHBOARD/vendor/laravel/framework/src/Illuminate/Foundation/Http/Kernel.php(116): Illuminate\\Foundation\\Http\\Kernel->sendRequestThroughRouter(Object(Illuminate\\Http\\Request))
#52 /home/ubuntu/F-DASHBOARD/public/index.php(55): Illuminate\\Foundation\\Http\\Kernel->handle(Object(Illuminate\\Http\\Request))
#53 /home/ubuntu/F-DASHBOARD/server.php(21): require_once('/home/ubuntu/F-...')
#54 {main}
"} 
